[17:38:37][game_application.cpp:283]: Game Version: Cherryh v2.0.0
[17:38:37][defines.cpp:124]: 1279 defines loaded
[17:38:55][species.cpp:287]: Error: Failed Reading Species Class Names!
	Reason: Invalid Species Class!
	common/species_names/machine_names_SC.txt(5)
[17:38:55][species.cpp:287]: Error: Failed Reading Species Class Names!
	Reason: Invalid Species Class!
	common/species_names/machine_names_SC.txt(5)
[17:38:55][species.cpp:287]: Error: Failed Reading Species Class Names!
	Reason: Invalid Species Class!
	common/species_names/machine_names_SC.txt(6)
[17:38:55][species.cpp:287]: Error: Failed Reading Species Class Names!
	Reason: Invalid Species Class!
	common/species_names/machine_names_SC.txt(7)
[17:38:55][species.cpp:287]: Error: Failed Reading Species Class Names!
	Reason: Invalid Species Class!
	common/species_names/machine_names_SC.txt(8)
[17:38:55][species.cpp:287]: Error: Failed Reading Species Class Names!
	Reason: Invalid Species Class!
	common/species_names/machine_names_SC.txt(9)
[17:38:55][species.cpp:287]: Error: Failed Reading Species Class Names!
	Reason: Invalid Species Class!
	common/species_names/machine_names_SC.txt(10)
[17:38:55][species.cpp:287]: Error: Failed Reading Species Class Names!
	Reason: Invalid Species Class!
	common/species_names/machine_names_SC.txt(11)
[17:38:55][species.cpp:287]: Error: Failed Reading Species Class Names!
	Reason: Invalid Species Class!
	common/species_names/machine_names_SC.txt(12)
[17:38:55][species.cpp:287]: Error: Failed Reading Species Class Names!
	Reason: Invalid Species Class!
	common/species_names/machine_names_SC.txt(15)
[17:38:55][species.cpp:287]: Error: Failed Reading Species Class Names!
	Reason: Invalid Species Class!
	common/species_names/machine_names_SC.txt(15)
[17:38:55][species.cpp:287]: Error: Failed Reading Species Class Names!
	Reason: Invalid Species Class!
	common/species_names/machine_names_SC.txt(16)
[17:38:55][species.cpp:287]: Error: Failed Reading Species Class Names!
	Reason: Invalid Species Class!
	common/species_names/machine_names_SC.txt(17)
[17:38:55][species.cpp:287]: Error: Failed Reading Species Class Names!
	Reason: Invalid Species Class!
	common/species_names/machine_names_SC.txt(18)
[17:38:55][species.cpp:287]: Error: Failed Reading Species Class Names!
	Reason: Invalid Species Class!
	common/species_names/machine_names_SC.txt(19)
[17:38:55][species.cpp:287]: Error: Failed Reading Species Class Names!
	Reason: Invalid Species Class!
	common/species_names/machine_names_SC.txt(20)
[17:38:55][species.cpp:287]: Error: Failed Reading Species Class Names!
	Reason: Invalid Species Class!
	common/species_names/machine_names_SC.txt(21)
[17:38:55][species.cpp:287]: Error: Failed Reading Species Class Names!
	Reason: Invalid Species Class!
	common/species_names/machine_names_SC.txt(24)
[17:38:55][species.cpp:287]: Error: Failed Reading Species Class Names!
	Reason: Invalid Species Class!
	common/species_names/machine_names_SC.txt(24)
[17:38:55][species.cpp:287]: Error: Failed Reading Species Class Names!
	Reason: Invalid Species Class!
	common/species_names/machine_names_SC.txt(25)
[17:38:55][species.cpp:287]: Error: Failed Reading Species Class Names!
	Reason: Invalid Species Class!
	common/species_names/machine_names_SC.txt(26)
[17:38:55][species.cpp:287]: Error: Failed Reading Species Class Names!
	Reason: Invalid Species Class!
	common/species_names/machine_names_SC.txt(27)
[17:38:55][species.cpp:287]: Error: Failed Reading Species Class Names!
	Reason: Invalid Species Class!
	common/species_names/machine_names_SC.txt(28)
[17:38:55][species.cpp:287]: Error: Failed Reading Species Class Names!
	Reason: Invalid Species Class!
	common/species_names/machine_names_SC.txt(29)
[17:38:55][species.cpp:287]: Error: Failed Reading Species Class Names!
	Reason: Invalid Species Class!
	common/species_names/machine_names_SC.txt(30)
[17:38:55][species.cpp:287]: Error: Failed Reading Species Class Names!
	Reason: Invalid Species Class!
	common/species_names/machine_names_SC.txt(33)
[17:38:55][species.cpp:287]: Error: Failed Reading Species Class Names!
	Reason: Invalid Species Class!
	common/species_names/machine_names_SC.txt(33)
[17:38:55][species.cpp:287]: Error: Failed Reading Species Class Names!
	Reason: Invalid Species Class!
	common/species_names/machine_names_SC.txt(34)
[17:38:55][species.cpp:287]: Error: Failed Reading Species Class Names!
	Reason: Invalid Species Class!
	common/species_names/machine_names_SC.txt(35)
[17:38:55][species.cpp:287]: Error: Failed Reading Species Class Names!
	Reason: Invalid Species Class!
	common/species_names/machine_names_SC.txt(36)
[17:38:55][species.cpp:287]: Error: Failed Reading Species Class Names!
	Reason: Invalid Species Class!
	common/species_names/machine_names_SC.txt(37)
[17:38:55][species.cpp:287]: Error: Failed Reading Species Class Names!
	Reason: Invalid Species Class!
	common/species_names/machine_names_SC.txt(38)
[17:38:55][species.cpp:287]: Error: Failed Reading Species Class Names!
	Reason: Invalid Species Class!
	common/species_names/machine_names_SC.txt(39)
[17:38:55][species.cpp:287]: Error: Failed Reading Species Class Names!
	Reason: Invalid Species Class!
	common/species_names/machine_names_SC.txt(42)
[17:38:55][species.cpp:287]: Error: Failed Reading Species Class Names!
	Reason: Invalid Species Class!
	common/species_names/machine_names_SC.txt(42)
[17:38:55][species.cpp:287]: Error: Failed Reading Species Class Names!
	Reason: Invalid Species Class!
	common/species_names/machine_names_SC.txt(43)
[17:38:55][species.cpp:287]: Error: Failed Reading Species Class Names!
	Reason: Invalid Species Class!
	common/species_names/machine_names_SC.txt(44)
[17:38:55][species.cpp:287]: Error: Failed Reading Species Class Names!
	Reason: Invalid Species Class!
	common/species_names/machine_names_SC.txt(45)
[17:38:55][species.cpp:287]: Error: Failed Reading Species Class Names!
	Reason: Invalid Species Class!
	common/species_names/machine_names_SC.txt(46)
[17:38:55][species.cpp:287]: Error: Failed Reading Species Class Names!
	Reason: Invalid Species Class!
	common/species_names/machine_names_SC.txt(47)
[17:38:55][species.cpp:287]: Error: Failed Reading Species Class Names!
	Reason: Invalid Species Class!
	common/species_names/machine_names_SC.txt(48)
[17:38:55][species.cpp:287]: Error: Failed Reading Species Class Names!
	Reason: Invalid Species Class!
	common/species_names/machine_names_SC.txt(51)
[17:38:55][species.cpp:287]: Error: Failed Reading Species Class Names!
	Reason: Invalid Species Class!
	common/species_names/machine_names_SC.txt(51)
[17:38:55][species.cpp:287]: Error: Failed Reading Species Class Names!
	Reason: Invalid Species Class!
	common/species_names/machine_names_SC.txt(52)
[17:38:55][species.cpp:287]: Error: Failed Reading Species Class Names!
	Reason: Invalid Species Class!
	common/species_names/machine_names_SC.txt(53)
[17:38:55][species.cpp:287]: Error: Failed Reading Species Class Names!
	Reason: Invalid Species Class!
	common/species_names/machine_names_SC.txt(54)
[17:38:55][species.cpp:287]: Error: Failed Reading Species Class Names!
	Reason: Invalid Species Class!
	common/species_names/machine_names_SC.txt(55)
[17:38:55][species.cpp:287]: Error: Failed Reading Species Class Names!
	Reason: Invalid Species Class!
	common/species_names/machine_names_SC.txt(56)
[17:38:55][species.cpp:287]: Error: Failed Reading Species Class Names!
	Reason: Invalid Species Class!
	common/species_names/machine_names_SC.txt(57)
[17:38:55][species.cpp:287]: Error: Failed Reading Species Class Names!
	Reason: Invalid Species Class!
	common/species_names/machine_names_SC.txt(60)
[17:38:55][species.cpp:287]: Error: Failed Reading Species Class Names!
	Reason: Invalid Species Class!
	common/species_names/machine_names_SC.txt(60)
[17:38:55][species.cpp:287]: Error: Failed Reading Species Class Names!
	Reason: Invalid Species Class!
	common/species_names/machine_names_SC.txt(61)
[17:38:55][species.cpp:287]: Error: Failed Reading Species Class Names!
	Reason: Invalid Species Class!
	common/species_names/machine_names_SC.txt(62)
[17:38:55][species.cpp:287]: Error: Failed Reading Species Class Names!
	Reason: Invalid Species Class!
	common/species_names/machine_names_SC.txt(63)
[17:38:55][species.cpp:287]: Error: Failed Reading Species Class Names!
	Reason: Invalid Species Class!
	common/species_names/machine_names_SC.txt(64)
[17:38:55][species.cpp:287]: Error: Failed Reading Species Class Names!
	Reason: Invalid Species Class!
	common/species_names/machine_names_SC.txt(65)
[17:38:55][species.cpp:287]: Error: Failed Reading Species Class Names!
	Reason: Invalid Species Class!
	common/species_names/machine_names_SC.txt(66)
[17:38:55][species.cpp:287]: Error: Failed Reading Species Class Names!
	Reason: Invalid Species Class!
	common/species_names/machine_names_SC.txt(69)
[17:38:55][species.cpp:287]: Error: Failed Reading Species Class Names!
	Reason: Invalid Species Class!
	common/species_names/machine_names_SC.txt(69)
[17:38:55][species.cpp:287]: Error: Failed Reading Species Class Names!
	Reason: Invalid Species Class!
	common/species_names/machine_names_SC.txt(70)
[17:38:55][species.cpp:287]: Error: Failed Reading Species Class Names!
	Reason: Invalid Species Class!
	common/species_names/machine_names_SC.txt(71)
[17:38:55][species.cpp:287]: Error: Failed Reading Species Class Names!
	Reason: Invalid Species Class!
	common/species_names/machine_names_SC.txt(72)
[17:38:55][species.cpp:287]: Error: Failed Reading Species Class Names!
	Reason: Invalid Species Class!
	common/species_names/machine_names_SC.txt(73)
[17:38:55][species.cpp:287]: Error: Failed Reading Species Class Names!
	Reason: Invalid Species Class!
	common/species_names/machine_names_SC.txt(74)
[17:38:55][species.cpp:287]: Error: Failed Reading Species Class Names!
	Reason: Invalid Species Class!
	common/species_names/machine_names_SC.txt(75)
[17:38:55][species.cpp:287]: Error: Failed Reading Species Class Names!
	Reason: Invalid Species Class!
	common/species_names/machine_names_SC.txt(78)
[17:38:55][species.cpp:287]: Error: Failed Reading Species Class Names!
	Reason: Invalid Species Class!
	common/species_names/machine_names_SC.txt(78)
[17:38:55][species.cpp:287]: Error: Failed Reading Species Class Names!
	Reason: Invalid Species Class!
	common/species_names/machine_names_SC.txt(79)
[17:38:55][species.cpp:287]: Error: Failed Reading Species Class Names!
	Reason: Invalid Species Class!
	common/species_names/machine_names_SC.txt(80)
[17:38:55][species.cpp:287]: Error: Failed Reading Species Class Names!
	Reason: Invalid Species Class!
	common/species_names/machine_names_SC.txt(81)
[17:38:55][species.cpp:287]: Error: Failed Reading Species Class Names!
	Reason: Invalid Species Class!
	common/species_names/machine_names_SC.txt(82)
[17:38:55][species.cpp:287]: Error: Failed Reading Species Class Names!
	Reason: Invalid Species Class!
	common/species_names/machine_names_SC.txt(83)
[17:38:55][species.cpp:287]: Error: Failed Reading Species Class Names!
	Reason: Invalid Species Class!
	common/species_names/machine_names_SC.txt(84)
[17:38:55][species.cpp:287]: Error: Failed Reading Species Class Names!
	Reason: Invalid Species Class!
	common/species_names/machine_names_SC.txt(87)
[17:38:55][species.cpp:287]: Error: Failed Reading Species Class Names!
	Reason: Invalid Species Class!
	common/species_names/machine_names_SC.txt(87)
[17:38:55][species.cpp:287]: Error: Failed Reading Species Class Names!
	Reason: Invalid Species Class!
	common/species_names/machine_names_SC.txt(88)
[17:38:55][species.cpp:287]: Error: Failed Reading Species Class Names!
	Reason: Invalid Species Class!
	common/species_names/machine_names_SC.txt(89)
[17:38:55][species.cpp:287]: Error: Failed Reading Species Class Names!
	Reason: Invalid Species Class!
	common/species_names/machine_names_SC.txt(90)
[17:38:55][species.cpp:287]: Error: Failed Reading Species Class Names!
	Reason: Invalid Species Class!
	common/species_names/machine_names_SC.txt(91)
[17:38:55][species.cpp:287]: Error: Failed Reading Species Class Names!
	Reason: Invalid Species Class!
	common/species_names/machine_names_SC.txt(92)
[17:38:55][species.cpp:287]: Error: Failed Reading Species Class Names!
	Reason: Invalid Species Class!
	common/species_names/machine_names_SC.txt(93)
[17:38:55][species.cpp:287]: Error: Failed Reading Species Class Names!
	Reason: Invalid Species Class!
	common/species_names/machine_names_SC.txt(96)
[17:38:55][species.cpp:287]: Error: Failed Reading Species Class Names!
	Reason: Invalid Species Class!
	common/species_names/machine_names_SC.txt(96)
[17:38:55][species.cpp:287]: Error: Failed Reading Species Class Names!
	Reason: Invalid Species Class!
	common/species_names/machine_names_SC.txt(97)
[17:38:55][species.cpp:287]: Error: Failed Reading Species Class Names!
	Reason: Invalid Species Class!
	common/species_names/machine_names_SC.txt(98)
[17:38:55][species.cpp:287]: Error: Failed Reading Species Class Names!
	Reason: Invalid Species Class!
	common/species_names/machine_names_SC.txt(99)
[17:38:55][species.cpp:287]: Error: Failed Reading Species Class Names!
	Reason: Invalid Species Class!
	common/species_names/machine_names_SC.txt(100)
[17:38:55][species.cpp:287]: Error: Failed Reading Species Class Names!
	Reason: Invalid Species Class!
	common/species_names/machine_names_SC.txt(101)
[17:38:55][species.cpp:287]: Error: Failed Reading Species Class Names!
	Reason: Invalid Species Class!
	common/species_names/machine_names_SC.txt(102)
[17:38:55][species.cpp:287]: Error: Failed Reading Species Class Names!
	Reason: Invalid Species Class!
	common/species_names/machine_names_SC.txt(105)
[17:38:55][species.cpp:287]: Error: Failed Reading Species Class Names!
	Reason: Invalid Species Class!
	common/species_names/machine_names_SC.txt(105)
[17:38:55][species.cpp:287]: Error: Failed Reading Species Class Names!
	Reason: Invalid Species Class!
	common/species_names/machine_names_SC.txt(106)
[17:38:55][species.cpp:287]: Error: Failed Reading Species Class Names!
	Reason: Invalid Species Class!
	common/species_names/machine_names_SC.txt(107)
[17:38:55][species.cpp:287]: Error: Failed Reading Species Class Names!
	Reason: Invalid Species Class!
	common/species_names/machine_names_SC.txt(108)
[17:38:55][species.cpp:287]: Error: Failed Reading Species Class Names!
	Reason: Invalid Species Class!
	common/species_names/machine_names_SC.txt(109)
[17:38:55][species.cpp:287]: Error: Failed Reading Species Class Names!
	Reason: Invalid Species Class!
	common/species_names/machine_names_SC.txt(110)
[17:38:55][species.cpp:287]: Error: Failed Reading Species Class Names!
	Reason: Invalid Species Class!
	common/species_names/machine_names_SC.txt(111)
[17:38:55][species.cpp:287]: Error: Failed Reading Species Class Names!
	Reason: Invalid Species Class!
	common/species_names/machine_names_SC.txt(114)
[17:38:55][species.cpp:287]: Error: Failed Reading Species Class Names!
	Reason: Invalid Species Class!
	common/species_names/machine_names_SC.txt(114)
[17:38:55][species.cpp:287]: Error: Failed Reading Species Class Names!
	Reason: Invalid Species Class!
	common/species_names/machine_names_SC.txt(115)
[17:38:55][species.cpp:287]: Error: Failed Reading Species Class Names!
	Reason: Invalid Species Class!
	common/species_names/machine_names_SC.txt(116)
[17:38:55][species.cpp:287]: Error: Failed Reading Species Class Names!
	Reason: Invalid Species Class!
	common/species_names/machine_names_SC.txt(117)
[17:38:55][species.cpp:287]: Error: Failed Reading Species Class Names!
	Reason: Invalid Species Class!
	common/species_names/machine_names_SC.txt(118)
[17:38:55][species.cpp:287]: Error: Failed Reading Species Class Names!
	Reason: Invalid Species Class!
	common/species_names/machine_names_SC.txt(119)
[17:38:55][species.cpp:287]: Error: Failed Reading Species Class Names!
	Reason: Invalid Species Class!
	common/species_names/machine_names_SC.txt(120)
[17:38:55][species.cpp:287]: Error: Failed Reading Species Class Names!
	Reason: Invalid Species Class!
	common/species_names/machine_names_SC.txt(123)
[17:38:55][species.cpp:287]: Error: Failed Reading Species Class Names!
	Reason: Invalid Species Class!
	common/species_names/machine_names_SC.txt(123)
[17:38:55][species.cpp:287]: Error: Failed Reading Species Class Names!
	Reason: Invalid Species Class!
	common/species_names/machine_names_SC.txt(124)
[17:38:55][species.cpp:287]: Error: Failed Reading Species Class Names!
	Reason: Invalid Species Class!
	common/species_names/machine_names_SC.txt(125)
[17:38:55][species.cpp:287]: Error: Failed Reading Species Class Names!
	Reason: Invalid Species Class!
	common/species_names/machine_names_SC.txt(126)
[17:38:55][species.cpp:287]: Error: Failed Reading Species Class Names!
	Reason: Invalid Species Class!
	common/species_names/machine_names_SC.txt(127)
[17:38:55][species.cpp:287]: Error: Failed Reading Species Class Names!
	Reason: Invalid Species Class!
	common/species_names/machine_names_SC.txt(128)
[17:38:55][species.cpp:287]: Error: Failed Reading Species Class Names!
	Reason: Invalid Species Class!
	common/species_names/machine_names_SC.txt(129)
[17:38:55][species.cpp:287]: Error: Failed Reading Species Class Names!
	Reason: Invalid Species Class!
	common/species_names/machine_names_SC.txt(132)
[17:38:55][species.cpp:287]: Error: Failed Reading Species Class Names!
	Reason: Invalid Species Class!
	common/species_names/machine_names_SC.txt(132)
[17:38:55][species.cpp:287]: Error: Failed Reading Species Class Names!
	Reason: Invalid Species Class!
	common/species_names/machine_names_SC.txt(133)
[17:38:55][species.cpp:287]: Error: Failed Reading Species Class Names!
	Reason: Invalid Species Class!
	common/species_names/machine_names_SC.txt(134)
[17:38:55][species.cpp:287]: Error: Failed Reading Species Class Names!
	Reason: Invalid Species Class!
	common/species_names/machine_names_SC.txt(135)
[17:38:55][species.cpp:287]: Error: Failed Reading Species Class Names!
	Reason: Invalid Species Class!
	common/species_names/machine_names_SC.txt(136)
[17:38:55][species.cpp:287]: Error: Failed Reading Species Class Names!
	Reason: Invalid Species Class!
	common/species_names/machine_names_SC.txt(137)
[17:38:55][species.cpp:287]: Error: Failed Reading Species Class Names!
	Reason: Invalid Species Class!
	common/species_names/machine_names_SC.txt(138)
[17:38:55][species.cpp:287]: Error: Failed Reading Species Class Names!
	Reason: Invalid Species Class!
	common/species_names/machine_names_SC.txt(141)
[17:38:55][species.cpp:287]: Error: Failed Reading Species Class Names!
	Reason: Invalid Species Class!
	common/species_names/machine_names_SC.txt(141)
[17:38:55][species.cpp:287]: Error: Failed Reading Species Class Names!
	Reason: Invalid Species Class!
	common/species_names/machine_names_SC.txt(142)
[17:38:55][species.cpp:287]: Error: Failed Reading Species Class Names!
	Reason: Invalid Species Class!
	common/species_names/machine_names_SC.txt(143)
[17:38:55][species.cpp:287]: Error: Failed Reading Species Class Names!
	Reason: Invalid Species Class!
	common/species_names/machine_names_SC.txt(144)
[17:38:55][species.cpp:287]: Error: Failed Reading Species Class Names!
	Reason: Invalid Species Class!
	common/species_names/machine_names_SC.txt(145)
[17:38:55][species.cpp:287]: Error: Failed Reading Species Class Names!
	Reason: Invalid Species Class!
	common/species_names/machine_names_SC.txt(146)
[17:38:55][species.cpp:287]: Error: Failed Reading Species Class Names!
	Reason: Invalid Species Class!
	common/species_names/machine_names_SC.txt(147)
[17:38:55][species.cpp:287]: Error: Failed Reading Species Class Names!
	Reason: Invalid Species Class!
	common/species_names/machine_names_SC.txt(150)
