[17:38:21][gfx_opengl.cpp:3168]: Loading settings for adapter -1, fullscreen=1, multisample=15
[17:38:22][gfx_opengl.cpp:3238]: Checking for multi-sampling support:
[17:38:22][gfx_opengl.cpp:3263]: MaxTextureWidth: 16384
[17:38:22][gfx_opengl.cpp:3264]: MaxTextureHeight: 16384
[17:38:22][graphicssettings.cpp:154]: 	2 samples supported.
[17:38:22][graphicssettings.cpp:154]: 	4 samples supported.
[17:38:22][graphicssettings.cpp:154]: 	8 samples supported.
[17:38:22][graphicssettings.cpp:185]: Support for Anisotropic filtering found.
[17:38:22][graphicssettings.cpp:188]: 	Max Anisotropic filtering supported: 16
[17:38:22][graphicssettings.cpp:189]: 	Anisotropic filtering set to: 16
[17:38:22][pdx_audio_sdl.cpp:108]: [0] Audio device: Built-in Output
[17:38:22][pdx_audio_sdl.cpp:114]: [0] Audio driver: coreaudio
[17:38:22][pdx_audio_sdl.cpp:114]: [1] Audio driver: disk
[17:38:22][pdx_audio_sdl.cpp:114]: [2] Audio driver: dummy
[17:38:22][pdx_audio_sdl.cpp:139]: Current audio driver: coreaudio
[17:38:22][pdx_audio_sdl.cpp:146]: 
	Frequency: 44100
	Format: 32784
	Channels: 2
	Samples: 1024
[17:38:22][gfx_opengl.cpp:3168]: Loading settings for adapter -1, fullscreen=1, multisample=15
[17:38:22][gfx_opengl.cpp:3238]: Checking for multi-sampling support:
[17:38:22][gfx_opengl.cpp:3263]: MaxTextureWidth: 16384
[17:38:22][gfx_opengl.cpp:3264]: MaxTextureHeight: 16384
[17:38:22][graphicssettings.cpp:154]: 	2 samples supported.
[17:38:22][graphicssettings.cpp:154]: 	4 samples supported.
[17:38:22][graphicssettings.cpp:154]: 	8 samples supported.
[17:38:22][graphicssettings.cpp:185]: Support for Anisotropic filtering found.
[17:38:22][graphicssettings.cpp:188]: 	Max Anisotropic filtering supported: 16
[17:38:22][graphicssettings.cpp:189]: 	Anisotropic filtering set to: 16
[17:38:22][graphicssettings.cpp:730]: Not using multisampling.
[17:38:22][graphicssettings.cpp:730]: Not using multisampling.
[17:38:22][graphics.cpp:819]: Creating device with: HARDWARE_VERTEXPROCESSING
	Fullscreen=no
	Resolution=1080x600
[17:38:22][gfx_opengl.cpp:1028]: 
OpenGL Version: 2.1 INTEL-10.30.14
Supported Extensions:
GL_ARB_color_buffer_float
GL_ARB_depth_buffer_float
GL_ARB_depth_clamp
GL_ARB_depth_texture
GL_ARB_draw_buffers
GL_ARB_draw_elements_base_vertex
GL_ARB_draw_instanced
GL_ARB_fragment_program
GL_ARB_fragment_program_shadow
GL_ARB_fragment_shader
GL_ARB_framebuffer_object
GL_ARB_framebuffer_sRGB
GL_ARB_half_float_pixel
GL_ARB_half_float_vertex
GL_ARB_instanced_arrays
GL_ARB_multisample
GL_ARB_multitexture
GL_ARB_occlusion_query
GL_ARB_pixel_buffer_object
GL_ARB_point_parameters
GL_ARB_point_sprite
GL_ARB_provoking_vertex
GL_ARB_seamless_cube_map
GL_ARB_shader_objects
GL_ARB_shader_texture_lod
GL_ARB_shading_language_100
GL_ARB_shadow
GL_ARB_sync
GL_ARB_texture_border_clamp
GL_ARB_texture_compression
GL_ARB_texture_compression_rgtc
GL_ARB_texture_cube_map
GL_ARB_texture_env_add
GL_ARB_texture_env_combine
GL_ARB_texture_env_crossbar
GL_ARB_texture_env_dot3
GL_ARB_texture_float
GL_ARB_texture_mirrored_repeat
GL_ARB_texture_non_power_of_two
GL_ARB_texture_rectangle
GL_ARB_texture_rg
GL_ARB_transpose_matrix
GL_ARB_vertex_array_bgra
GL_ARB_vertex_blend
GL_ARB_vertex_buffer_object
GL_ARB_vertex_program
GL_ARB_vertex_shader
GL_ARB_window_pos
GL_EXT_abgr
GL_EXT_bgra
GL_EXT_blend_color
GL_EXT_blend_equation_separate
GL_EXT_blend_func_separate
GL_EXT_blend_minmax
GL_EXT_blend_subtract
GL_EXT_clip_volume_hint
GL_EXT_debug_label
GL_EXT_debug_marker
GL_EXT_draw_buffers2
GL_EXT_draw_range_elements
GL_EXT_fog_coord
GL_EXT_framebuffer_blit
GL_EXT_framebuffer_multisample
GL_EXT_framebuffer_multisample_blit_scaled
GL_EXT_framebuffer_object
GL_EXT_framebuffer_sRGB
GL_EXT_geometry_shader4
GL_EXT_gpu_program_parameters
GL_EXT_gpu_shader4
GL_EXT_multi_draw_arrays
GL_EXT_packed_depth_stencil
GL_EXT_packed_float
GL_EXT_provoking_vertex
GL_EXT_rescale_normal
GL_EXT_secondary_color
GL_EXT_separate_specular_color
GL_EXT_shadow_funcs
GL_EXT_stencil_two_side
GL_EXT_stencil_wrap
GL_EXT_texture_array
GL_EXT_texture_compression_dxt1
GL_EXT_texture_compression_s3tc
GL_EXT_texture_env_add
GL_EXT_texture_filter_anisotropic
GL_EXT_texture_integer
GL_EXT_texture_lod_bias
GL_EXT_texture_rectangle
GL_EXT_texture_shared_exponent
GL_EXT_texture_sRGB
GL_EXT_texture_sRGB_decode
GL_EXT_timer_query
GL_EXT_transform_feedback
GL_EXT_vertex_array_bgra
GL_APPLE_aux_depth_stencil
GL_APPLE_client_storage
GL_APPLE_element_array
GL_APPLE_fence
GL_APPLE_float_pixels
GL_APPLE_flush_buffer_range
GL_APPLE_flush_render
GL_APPLE_object_purgeable
GL_APPLE_packed_pixels
GL_APPLE_pixel_buffer
GL_APPLE_rgb_422
GL_APPLE_row_bytes
GL_APPLE_specular_vector
GL_APPLE_texture_range
GL_APPLE_transform_hint
GL_APPLE_vertex_array_object
GL_APPLE_vertex_array_range
GL_APPLE_vertex_point_size
GL_APPLE_vertex_program_evaluators
GL_APPLE_ycbcr_422
GL_ATI_separate_stencil
GL_ATI_texture_env_combine3
GL_ATI_texture_float
GL_ATI_texture_mirror_once
GL_IBM_rasterpos_clip
GL_NV_blend_square
GL_NV_conditional_render
GL_NV_depth_clamp
GL_NV_fog_distance
GL_NV_light_max_exponent
GL_NV_texgen_reflection
GL_NV_texture_barrier
GL_SGIS_generate_mipmap
GL_SGIS_texture_edge_clamp
GL_SGIS_texture_lod

[17:38:22][graphicssettings.cpp:688]: Usable res: 2880 1800 60
[17:38:22][graphicssettings.cpp:688]: Usable res: 2560 1600 60
[17:38:22][graphicssettings.cpp:688]: Usable res: 2048 1280 60
[17:38:22][graphicssettings.cpp:688]: Usable res: 1650 1050 60
[17:38:22][graphicssettings.cpp:688]: Usable res: 1440 900 60
[17:38:22][graphicssettings.cpp:688]: Usable res: 1280 800 60
[17:38:22][graphicssettings.cpp:688]: Usable res: 1152 720 60
[17:38:22][graphicssettings.cpp:688]: Usable res: 1024 768 60
[17:38:22][graphicssettings.cpp:688]: Usable res: 840 524 60
[17:38:22][graphicssettings.cpp:688]: Usable res: 800 600 60
[17:38:22][graphicssettings.cpp:688]: Usable res: 640 480 60
[17:38:22][graphics.cpp:854]: Done creating device.
[17:38:23][graphicssettings.cpp:688]: Usable res: 2880 1800 60
[17:38:23][graphicssettings.cpp:688]: Usable res: 2560 1600 60
[17:38:23][graphicssettings.cpp:688]: Usable res: 2048 1280 60
[17:38:23][graphicssettings.cpp:688]: Usable res: 1650 1050 60
[17:38:23][graphicssettings.cpp:688]: Usable res: 1440 900 60
[17:38:23][graphicssettings.cpp:688]: Usable res: 1280 800 60
[17:38:23][graphicssettings.cpp:688]: Usable res: 1152 720 60
[17:38:23][graphicssettings.cpp:688]: Usable res: 1024 768 60
[17:38:23][graphicssettings.cpp:688]: Usable res: 840 524 60
[17:38:23][graphicssettings.cpp:688]: Usable res: 800 600 60
[17:38:23][graphicssettings.cpp:688]: Usable res: 640 480 60
[17:38:36][gfx_opengl.cpp:3168]: Loading settings for adapter -1, fullscreen=1, multisample=15
[17:38:36][gfx_opengl.cpp:3238]: Checking for multi-sampling support:
[17:38:36][gfx_opengl.cpp:3263]: MaxTextureWidth: 16384
[17:38:36][gfx_opengl.cpp:3264]: MaxTextureHeight: 16384
[17:38:36][graphicssettings.cpp:154]: 	2 samples supported.
[17:38:36][graphicssettings.cpp:154]: 	4 samples supported.
[17:38:36][graphicssettings.cpp:154]: 	8 samples supported.
[17:38:36][graphicssettings.cpp:185]: Support for Anisotropic filtering found.
[17:38:36][graphicssettings.cpp:188]: 	Max Anisotropic filtering supported: 16
[17:38:36][graphicssettings.cpp:189]: 	Anisotropic filtering set to: 16
[17:38:36][graphicssettings.cpp:720]: Using multisampling: 4
[17:38:41][graphicssettings.cpp:720]: Using multisampling: 4
[17:38:41][graphics.cpp:819]: Creating device with: HARDWARE_VERTEXPROCESSING
	Fullscreen=yes
	RefreshRate=60
	Resolution=1440x900
[17:38:41][gfx_opengl.cpp:1028]: 
OpenGL Version: 2.1 INTEL-10.30.14
Supported Extensions:
GL_ARB_color_buffer_float
GL_ARB_depth_buffer_float
GL_ARB_depth_clamp
GL_ARB_depth_texture
GL_ARB_draw_buffers
GL_ARB_draw_elements_base_vertex
GL_ARB_draw_instanced
GL_ARB_fragment_program
GL_ARB_fragment_program_shadow
GL_ARB_fragment_shader
GL_ARB_framebuffer_object
GL_ARB_framebuffer_sRGB
GL_ARB_half_float_pixel
GL_ARB_half_float_vertex
GL_ARB_instanced_arrays
GL_ARB_multisample
GL_ARB_multitexture
GL_ARB_occlusion_query
GL_ARB_pixel_buffer_object
GL_ARB_point_parameters
GL_ARB_point_sprite
GL_ARB_provoking_vertex
GL_ARB_seamless_cube_map
GL_ARB_shader_objects
GL_ARB_shader_texture_lod
GL_ARB_shading_language_100
GL_ARB_shadow
GL_ARB_sync
GL_ARB_texture_border_clamp
GL_ARB_texture_compression
GL_ARB_texture_compression_rgtc
GL_ARB_texture_cube_map
GL_ARB_texture_env_add
GL_ARB_texture_env_combine
GL_ARB_texture_env_crossbar
GL_ARB_texture_env_dot3
GL_ARB_texture_float
GL_ARB_texture_mirrored_repeat
GL_ARB_texture_non_power_of_two
GL_ARB_texture_rectangle
GL_ARB_texture_rg
GL_ARB_transpose_matrix
GL_ARB_vertex_array_bgra
GL_ARB_vertex_blend
GL_ARB_vertex_buffer_object
GL_ARB_vertex_program
GL_ARB_vertex_shader
GL_ARB_window_pos
GL_EXT_abgr
GL_EXT_bgra
GL_EXT_blend_color
GL_EXT_blend_equation_separate
GL_EXT_blend_func_separate
GL_EXT_blend_minmax
GL_EXT_blend_subtract
GL_EXT_clip_volume_hint
GL_EXT_debug_label
GL_EXT_debug_marker
GL_EXT_draw_buffers2
GL_EXT_draw_range_elements
GL_EXT_fog_coord
GL_EXT_framebuffer_blit
GL_EXT_framebuffer_multisample
GL_EXT_framebuffer_multisample_blit_scaled
GL_EXT_framebuffer_object
GL_EXT_framebuffer_sRGB
GL_EXT_geometry_shader4
GL_EXT_gpu_program_parameters
GL_EXT_gpu_shader4
GL_EXT_multi_draw_arrays
GL_EXT_packed_depth_stencil
GL_EXT_packed_float
GL_EXT_provoking_vertex
GL_EXT_rescale_normal
GL_EXT_secondary_color
GL_EXT_separate_specular_color
GL_EXT_shadow_funcs
GL_EXT_stencil_two_side
GL_EXT_stencil_wrap
GL_EXT_texture_array
GL_EXT_texture_compression_dxt1
GL_EXT_texture_compression_s3tc
GL_EXT_texture_env_add
GL_EXT_texture_filter_anisotropic
GL_EXT_texture_integer
GL_EXT_texture_lod_bias
GL_EXT_texture_rectangle
GL_EXT_texture_shared_exponent
GL_EXT_texture_sRGB
GL_EXT_texture_sRGB_decode
GL_EXT_timer_query
GL_EXT_transform_feedback
GL_EXT_vertex_array_bgra
GL_APPLE_aux_depth_stencil
GL_APPLE_client_storage
GL_APPLE_element_array
GL_APPLE_fence
GL_APPLE_float_pixels
GL_APPLE_flush_buffer_range
GL_APPLE_flush_render
GL_APPLE_object_purgeable
GL_APPLE_packed_pixels
GL_APPLE_pixel_buffer
GL_APPLE_rgb_422
GL_APPLE_row_bytes
GL_APPLE_specular_vector
GL_APPLE_texture_range
GL_APPLE_transform_hint
GL_APPLE_vertex_array_object
GL_APPLE_vertex_array_range
GL_APPLE_vertex_point_size
GL_APPLE_vertex_program_evaluators
GL_APPLE_ycbcr_422
GL_ATI_separate_stencil
GL_ATI_texture_env_combine3
GL_ATI_texture_float
GL_ATI_texture_mirror_once
GL_IBM_rasterpos_clip
GL_NV_blend_square
GL_NV_conditional_render
GL_NV_depth_clamp
GL_NV_fog_distance
GL_NV_light_max_exponent
GL_NV_texgen_reflection
GL_NV_texture_barrier
GL_SGIS_generate_mipmap
GL_SGIS_texture_edge_clamp
GL_SGIS_texture_lod

[17:38:41][graphicssettings.cpp:688]: Usable res: 2880 1800 60
[17:38:41][graphicssettings.cpp:688]: Usable res: 2560 1600 60
[17:38:41][graphicssettings.cpp:688]: Usable res: 2048 1280 60
[17:38:41][graphicssettings.cpp:688]: Usable res: 1650 1050 60
[17:38:41][graphicssettings.cpp:688]: Usable res: 1440 900 60
[17:38:41][graphicssettings.cpp:688]: Usable res: 1280 800 60
[17:38:41][graphicssettings.cpp:688]: Usable res: 1152 720 60
[17:38:41][graphicssettings.cpp:688]: Usable res: 1024 768 60
[17:38:41][graphicssettings.cpp:688]: Usable res: 840 524 60
[17:38:41][graphicssettings.cpp:688]: Usable res: 800 600 60
[17:38:41][graphicssettings.cpp:688]: Usable res: 640 480 60
[17:38:41][graphics.cpp:854]: Done creating device.
[17:38:56][graphicssettings.cpp:720]: Using multisampling: 4
[17:38:56][graphicssettings.cpp:720]: Using multisampling: 4
[17:38:56][graphicssettings.cpp:720]: Using multisampling: 4
[17:38:56][graphicssettings.cpp:720]: Using multisampling: 4
[17:38:56][graphicssettings.cpp:720]: Using multisampling: 4
[17:38:56][graphicssettings.cpp:720]: Using multisampling: 4
[17:38:56][graphicssettings.cpp:720]: Using multisampling: 4
[17:38:56][graphicssettings.cpp:720]: Using multisampling: 4
[17:38:56][graphicssettings.cpp:720]: Using multisampling: 4
[17:38:56][graphicssettings.cpp:720]: Using multisampling: 4
[17:38:56][graphicssettings.cpp:720]: Using multisampling: 4
[17:38:56][graphicssettings.cpp:720]: Using multisampling: 4
[17:38:56][graphicssettings.cpp:720]: Using multisampling: 4
[17:38:56][graphicssettings.cpp:720]: Using multisampling: 4
[17:38:56][graphicssettings.cpp:720]: Using multisampling: 4
[17:38:56][graphicssettings.cpp:720]: Using multisampling: 4
[17:38:56][graphicssettings.cpp:720]: Using multisampling: 4
[17:38:56][graphicssettings.cpp:720]: Using multisampling: 4
[17:38:56][graphicssettings.cpp:720]: Using multisampling: 4
[17:38:56][graphicssettings.cpp:720]: Using multisampling: 4
[17:38:56][graphicssettings.cpp:720]: Using multisampling: 4
[17:38:56][graphicssettings.cpp:720]: Using multisampling: 4
[17:38:56][graphicssettings.cpp:720]: Using multisampling: 4
[17:38:56][graphicssettings.cpp:720]: Using multisampling: 4
[17:38:56][graphicssettings.cpp:720]: Using multisampling: 4
[17:38:56][graphicssettings.cpp:720]: Using multisampling: 4
[17:38:56][graphicssettings.cpp:720]: Using multisampling: 4
[17:38:56][graphicssettings.cpp:720]: Using multisampling: 4
[17:39:09][graphicssettings.cpp:720]: Using multisampling: 4
[17:39:09][graphicssettings.cpp:720]: Using multisampling: 4
[17:41:17][graphicssettings.cpp:720]: Using multisampling: 4
[17:41:17][graphicssettings.cpp:720]: Using multisampling: 4
[17:41:19][graphicssettings.cpp:720]: Using multisampling: 4
