[internationalizedtext.cpp:1785]: Empty key "string_DE_der" found.
[internationalizedtext.cpp:1785]: Empty key "string_DE_Der" found.
[internationalizedtext.cpp:1785]: Empty key "string_DE_die" found.
[internationalizedtext.cpp:1785]: Empty key "string_DE_Die" found.
[internationalizedtext.cpp:1785]: Empty key "string_DE_den" found.
[internationalizedtext.cpp:1785]: Empty key "string_DE_Den" found.
[internationalizedtext.cpp:1785]: Empty key "string_DE_ein" found.
[internationalizedtext.cpp:1785]: Empty key "string_DE_Ein" found.
[internationalizedtext.cpp:1785]: Empty key "string_DE_eine" found.
[internationalizedtext.cpp:1785]: Empty key "string_DE_Eine" found.
[internationalizedtext.cpp:1785]: Empty key "string_DE_des" found.
[internationalizedtext.cpp:1785]: Empty key "string_DE_Des" found.
[internationalizedtext.cpp:1785]: Empty key "string_DE_derdie" found.
[internationalizedtext.cpp:1785]: Empty key "string_DE_DerDie" found.
[internationalizedtext.cpp:1785]: Empty key "string_DE_dendie" found.
[internationalizedtext.cpp:1785]: Empty key "string_DE_DenDie" found.
[internationalizedtext.cpp:1785]: Empty key "string_DE_eineine" found.
[internationalizedtext.cpp:1785]: Empty key "string_DE_EinEine" found.
[internationalizedtext.cpp:1785]: Empty key "string_DE_DesDer" found.
[internationalizedtext.cpp:1785]: Empty key "string_DE_desder" found.
[internationalizedtext.cpp:1785]: Empty key "string_DE_unseres" found.
[internationalizedtext.cpp:1785]: Empty key "string_DE_Unseres" found.
[internationalizedtext.cpp:1785]: Empty key "string_DE_unserer" found.
[internationalizedtext.cpp:1785]: Empty key "string_DE_Unserer" found.
[internationalizedtext.cpp:1785]: Empty key "string_DE_unser" found.
[internationalizedtext.cpp:1785]: Empty key "string_DE_Unser" found.
[internationalizedtext.cpp:1785]: Empty key "string_DE_unsere" found.
[internationalizedtext.cpp:1785]: Empty key "string_DE_Unsere" found.
[internationalizedtext.cpp:1785]: Empty key "string_DE_unserem" found.
[internationalizedtext.cpp:1785]: Empty key "string_DE_Unserem" found.
[internationalizedtext.cpp:1785]: Empty key "string_DE_eines" found.
[internationalizedtext.cpp:1785]: Empty key "string_DE_Eines" found.
[internationalizedtext.cpp:1785]: Empty key "string_DE_einer" found.
[internationalizedtext.cpp:1785]: Empty key "string_DE_Einer" found.
[internationalizedtext.cpp:1785]: Empty key "string_DE_einem" found.
[internationalizedtext.cpp:1785]: Empty key "string_DE_Einem" found.
[internationalizedtext.cpp:1785]: Empty key "string_DE_einen" found.
[internationalizedtext.cpp:1785]: Empty key "string_DE_Einen" found.
[internationalizedtext.cpp:1785]: Empty key "string_DE_eineneine" found.
[internationalizedtext.cpp:1785]: Empty key "string_DE_EinenEinen" found.
[internationalizedtext.cpp:1785]: Empty key "string_DE_unseresunserer" found.
[internationalizedtext.cpp:1785]: Empty key "string_DE_UnseresUnserer" found.
[internationalizedtext.cpp:1785]: Empty key "string_DE_unserunsere" found.
[internationalizedtext.cpp:1785]: Empty key "string_DE_UnserUnsere" found.
[internationalizedtext.cpp:1785]: Empty key "string_DE_unseremunserer" found.
[internationalizedtext.cpp:1785]: Empty key "string_DE_UnseremUnserer" found.
[internationalizedtext.cpp:1785]: Empty key "string_DE_eineseiner" found.
[internationalizedtext.cpp:1785]: Empty key "string_DE_EinesEiner" found.
[internationalizedtext.cpp:1785]: Empty key "string_DE_einemeiner" found.
[internationalizedtext.cpp:1785]: Empty key "string_DE_Einemeiner" found.
[internationalizedtext.cpp:1785]: Empty key "string_DE_kein" found.
[internationalizedtext.cpp:1785]: Empty key "string_DE_Kein" found.
[internationalizedtext.cpp:1785]: Empty key "string_DE_keine" found.
[internationalizedtext.cpp:1785]: Empty key "string_DE_Keine" found.
[internationalizedtext.cpp:1785]: Empty key "string_DE_irgendein" found.
[internationalizedtext.cpp:1785]: Empty key "string_DE_Irgendein" found.
[internationalizedtext.cpp:1785]: Empty key "string_DE_irgendeine" found.
[internationalizedtext.cpp:1785]: Empty key "string_DE_Irgendeine" found.
[internationalizedtext.cpp:1785]: Empty key "string_DE_keinem" found.
[internationalizedtext.cpp:1785]: Empty key "string_DE_Keinem" found.
[internationalizedtext.cpp:1785]: Empty key "string_DE_keiner" found.
[internationalizedtext.cpp:1785]: Empty key "string_DE_Keiner" found.
[internationalizedtext.cpp:1785]: Empty key "string_DE_keinkeine" found.
[internationalizedtext.cpp:1785]: Empty key "string_DE_KeinKeine" found.
[internationalizedtext.cpp:1785]: Empty key "string_DE_irgendeinirgendeine" found.
[internationalizedtext.cpp:1785]: Empty key "string_DE_IrgendeinIrgendeine" found.
[internationalizedtext.cpp:1785]: Empty key "string_DE_keinemkeiner" found.
[internationalizedtext.cpp:1785]: Empty key "string_DE_KeinemKeiner" found.
[internationalizedtext.cpp:1785]: Empty key "string_DE_dieser" found.
[internationalizedtext.cpp:1785]: Empty key "string_DE_Dieser" found.
[internationalizedtext.cpp:1785]: Empty key "string_DE_diese" found.
[internationalizedtext.cpp:1785]: Empty key "string_DE_Diese" found.
[internationalizedtext.cpp:1785]: Empty key "string_DE_dieses" found.
[internationalizedtext.cpp:1785]: Empty key "string_DE_Dieses" found.
[internationalizedtext.cpp:1785]: Empty key "string_DE_diesem" found.
[internationalizedtext.cpp:1785]: Empty key "string_DE_Diesem" found.
[internationalizedtext.cpp:1785]: Empty key "string_DE_dieserdiese" found.
[internationalizedtext.cpp:1785]: Empty key "string_DE_DieserDiese" found.
[internationalizedtext.cpp:1785]: Empty key "string_DE_diesesdieser" found.
[internationalizedtext.cpp:1785]: Empty key "string_DE_DiesesDieser" found.
[internationalizedtext.cpp:1785]: Empty key "string_DE_diesemdieser" found.
[internationalizedtext.cpp:1785]: Empty key "string_DE_DiesemDieser" found.
[internationalizedtext.cpp:1785]: Empty key "string_DE_ihm" found.
[internationalizedtext.cpp:1785]: Empty key "string_DE_Ihm" found.
[internationalizedtext.cpp:1785]: Empty key "string_DE_ihr" found.
[internationalizedtext.cpp:1785]: Empty key "string_DE_Ihr" found.
[internationalizedtext.cpp:1785]: Empty key "string_DE_ihmihr" found.
[internationalizedtext.cpp:1785]: Empty key "string_DE_IhmIhr" found.
[internationalizedtext.cpp:1785]: Empty key "string_DE_dem" found.
[internationalizedtext.cpp:1785]: Empty key "string_DE_Dem" found.
[internationalizedtext.cpp:1785]: Empty key "string_DE_demder" found.
[internationalizedtext.cpp:1785]: Empty key "string_DE_DemDer" found.
[internationalizedtext.cpp:1785]: Empty key "string_DE_meinem" found.
[internationalizedtext.cpp:1785]: Empty key "string_DE_Meinem" found.
[internationalizedtext.cpp:1785]: Empty key "string_DE_meiner" found.
[internationalizedtext.cpp:1785]: Empty key "string_DE_Meiner" found.
[internationalizedtext.cpp:1785]: Empty key "string_DE_meinemmeiner" found.
[internationalizedtext.cpp:1785]: Empty key "string_DE_MeinemMeiner" found.
[internationalizedtext.cpp:1785]: Empty key "string_DE_euer" found.
[internationalizedtext.cpp:1785]: Empty key "string_DE_Euer" found.
[internationalizedtext.cpp:1785]: Empty key "string_DE_eure" found.
[internationalizedtext.cpp:1785]: Empty key "string_DE_Eure" found.
[internationalizedtext.cpp:1785]: Empty key "string_DE_euereure" found.
[internationalizedtext.cpp:1785]: Empty key "string_DE_EuerEure" found.
[internationalizedtext.cpp:1785]: Empty key "string_DE_eurem" found.
[internationalizedtext.cpp:1785]: Empty key "string_DE_Eurem" found.
[internationalizedtext.cpp:1785]: Empty key "string_DE_eurer" found.
[internationalizedtext.cpp:1785]: Empty key "string_DE_Eurer" found.
[internationalizedtext.cpp:1785]: Empty key "string_DE_euremeurer" found.
[internationalizedtext.cpp:1785]: Empty key "string_DE_EuremEurer" found.
[internationalizedtext.cpp:1785]: Empty key "string_DE_ihn" found.
[internationalizedtext.cpp:1785]: Empty key "string_DE_Ihn" found.
[internationalizedtext.cpp:1785]: Empty key "string_DE_sie" found.
[internationalizedtext.cpp:1785]: Empty key "string_DE_Sie" found.
[internationalizedtext.cpp:1785]: Empty key "string_DE_ihnsie" found.
[internationalizedtext.cpp:1785]: Empty key "string_DE_IhnSie" found.
[internationalizedtext.cpp:1785]: Empty key "string_DE_euren" found.
[internationalizedtext.cpp:1785]: Empty key "string_DE_Euren" found.
[internationalizedtext.cpp:1785]: Empty key "string_DE_eureneure" found.
[internationalizedtext.cpp:1785]: Empty key "string_DE_EurenEure" found.
[internationalizedtext.cpp:1785]: Empty key "string_DE_endingS" found.
[internationalizedtext.cpp:1785]: Empty key "string_DE_FB_endingS" found.
[internationalizedtext.cpp:1785]: Empty key "string_DE_endingE" found.
[internationalizedtext.cpp:1785]: Empty key "string_DE_FB_endingE" found.
[internationalizedtext.cpp:1785]: Empty key "string_DE_endingN" found.
[internationalizedtext.cpp:1785]: Empty key "string_DE_FB_endingN" found.
[internationalizedtext.cpp:1785]: Empty key "string_DE_endingR" found.
[internationalizedtext.cpp:1785]: Empty key "string_DE_FB_endingR" found.
[internationalizedtext.cpp:1785]: Empty key "string_DE_endingIN" found.
[internationalizedtext.cpp:1785]: Empty key "string_DE_FB_endingIN" found.
[internationalizedtext.cpp:1785]: Empty key "string_DE_endingEM" found.
[internationalizedtext.cpp:1785]: Empty key "string_DE_FB_endingEM" found.
[internationalizedtext.cpp:1785]: Empty key "string_DE_endingER" found.
[internationalizedtext.cpp:1785]: Empty key "string_DE_FB_endingER" found.
[internationalizedtext.cpp:1785]: Empty key "string_DE_endinga" found.
[internationalizedtext.cpp:1785]: Empty key "string_DE_FB_endinga" found.
[internationalizedtext.cpp:1785]: Empty key "string_DE_Arzt" found.
[internationalizedtext.cpp:1785]: Empty key "string_DE_Ärztin" found.
[internationalizedtext.cpp:1785]: Empty key "string_DE_Kannibale" found.
[internationalizedtext.cpp:1785]: Empty key "string_DE_Kannibalin" found.
[internationalizedtext.cpp:1785]: Empty key "string_DE_Propheten" found.
[internationalizedtext.cpp:1785]: Empty key "string_DE_Prophetin" found.
[internationalizedtext.cpp:1785]: Empty key "string_DE_Missgestalteter" found.
[internationalizedtext.cpp:1785]: Empty key "string_DE_Missgestalt" found.
[internationalizedtext.cpp:1785]: Empty key "string_DE_Folterer" found.
[internationalizedtext.cpp:1785]: Empty key "string_DE_Folterin" found.
[internationalizedtext.cpp:1785]: Empty key "string_DE_Feigling" found.
[internationalizedtext.cpp:1785]: Empty key "string_DE_Memme" found.
[internationalizedtext.cpp:1785]: Empty key "string_DE_Narr" found.
[internationalizedtext.cpp:1785]: Empty key "string_DE_Närrin" found.
[internationalizedtext.cpp:1785]: Empty key "string_DE_Krüppel" found.
[internationalizedtext.cpp:1785]: Empty key "string_DE_Behinderte" found.
[internationalizedtext.cpp:1785]: Empty key "string_DE_Esel" found.
[internationalizedtext.cpp:1785]: Empty key "string_DE_Ziege" found.
[internationalizedtext.cpp:1785]: Empty key "string_DE_Strohmann" found.
[internationalizedtext.cpp:1785]: Empty key "string_DE_Vogelscheuche" found.
[internationalizedtext.cpp:1785]: Empty key "string_DE_Dschungelbewohner" found.
[internationalizedtext.cpp:1785]: Empty key "string_DE_Dschungelnatter" found.
[internationalizedtext.cpp:1785]: Empty key "string_DE_Bücherwurm" found.
[internationalizedtext.cpp:1785]: Empty key "string_DE_Leseratte" found.
[internationalizedtext.cpp:1785]: Empty key "string_DE_Bengel" found.
[internationalizedtext.cpp:1785]: Empty key "string_DE_Göre" found.
[internationalizedtext.cpp:1785]: Empty key "string_DE_Blutsauger" found.
[internationalizedtext.cpp:1785]: Empty key "string_DE_Zecke" found.
[internationalizedtext.cpp:1785]: Empty key "string_DE_Wurm" found.
[internationalizedtext.cpp:1785]: Empty key "string_DE_Made" found.
[internationalizedtext.cpp:1785]: Empty key "string_DE_Wüstenkäfer" found.
[internationalizedtext.cpp:1785]: Empty key "string_DE_Wüstenratte" found.
[internationalizedtext.cpp:1785]: Empty key "string_DE_Fiesling" found.
[internationalizedtext.cpp:1785]: Empty key "string_DE_Vettel" found.
[internationalizedtext.cpp:1761]: Duplicate text-key "string_DE_Esel".
[internationalizedtext.cpp:1785]: Empty key "string_DE_Zuchtstute" found.
[internationalizedtext.cpp:1785]: Empty key "string_DE_Stohkopf" found.
[internationalizedtext.cpp:1785]: Empty key "string_DE_Hohlbirne" found.
[internationalizedtext.cpp:1785]: Empty key "string_DE_Gesichtskrapfen" found.
[internationalizedtext.cpp:1785]: Empty key "string_DE_Hackfresse" found.
[internationalizedtext.cpp:1785]: Empty key "string_DE_Überflieger" found.
[internationalizedtext.cpp:1785]: Empty key "string_DE_Koriphäe" found.
[internationalizedtext.cpp:1785]: Empty key "string_DE_GetHouseOfWorship_Christian_eineine" found.
[internationalizedtext.cpp:1785]: Empty key "string_DE_GetHouseOfWorship_Muslim_eineine" found.
[internationalizedtext.cpp:1785]: Empty key "string_DE_GetHouseOfWorship_Pagan_eineine" found.
[internationalizedtext.cpp:1785]: Empty key "string_DE_GetHouseOfWorship_Zoroastrian_eineine" found.
[internationalizedtext.cpp:1785]: Empty key "string_DE_GetHouseOfWorship_Jewish_eineine" found.
[internationalizedtext.cpp:1785]: Empty key "string_DE_GetHouseOfWorship_Hindu_eineine" found.
[internationalizedtext.cpp:1785]: Empty key "string_DE_GetHouseOfWorship_Buddhist_eineine" found.
[internationalizedtext.cpp:1785]: Empty key "string_DE_GetHouseOfWorship_Jain_eineine" found.
[internationalizedtext.cpp:1785]: Empty key "string_DE_GetHouseOfWorship_Taoist_eineine" found.
[internationalizedtext.cpp:1785]: Empty key "string_DE_FB_GetHouseOfWorshipeineine" found.
[internationalizedtext.cpp:1785]: Empty key "string_DE_GetHouseOfWorship_Christian__EinEine" found.
[internationalizedtext.cpp:1785]: Empty key "string_DE_GetHouseOfWorship_Muslim_EinEine" found.
[internationalizedtext.cpp:1785]: Empty key "string_DE_GetHouseOfWorship_Pagan_EinEine" found.
[internationalizedtext.cpp:1785]: Empty key "string_DE_GetHouseOfWorship_Zoroastrian_EinEine" found.
[internationalizedtext.cpp:1785]: Empty key "string_DE_GetHouseOfWorship_Jewish_EinEine" found.
[internationalizedtext.cpp:1785]: Empty key "string_DE_GetHouseOfWorship_Hindu_EinEine" found.
[internationalizedtext.cpp:1785]: Empty key "string_DE_GetHouseOfWorship_Buddhist_EinEine" found.
[internationalizedtext.cpp:1785]: Empty key "string_DE_GetHouseOfWorship_Jain_EinEine" found.
[internationalizedtext.cpp:1785]: Empty key "string_DE_GetHouseOfWorship_Taoist_EinEine" found.
[internationalizedtext.cpp:1785]: Empty key "string_DE_FB_GetHouseOfWorshipEinEine" found.
[internationalizedtext.cpp:1785]: Empty key "string_DE_GetHouseOfWorship_Christian_eineneine" found.
[internationalizedtext.cpp:1785]: Empty key "string_DE_GetHouseOfWorship_Muslim_eineneine" found.
[internationalizedtext.cpp:1785]: Empty key "string_DE_GetHouseOfWorship_Pagan_eineneine" found.
[internationalizedtext.cpp:1785]: Empty key "string_DE_GetHouseOfWorship_Zoroastrian_eineneine" found.
[internationalizedtext.cpp:1785]: Empty key "string_DE_GetHouseOfWorship_Jewish_eineneine" found.
[internationalizedtext.cpp:1785]: Empty key "string_DE_GetHouseOfWorship_Hindu_eineneine" found.
[internationalizedtext.cpp:1785]: Empty key "string_DE_GetHouseOfWorship_Buddhist_eineneine" found.
[internationalizedtext.cpp:1785]: Empty key "string_DE_GetHouseOfWorship_Jain_eineneine" found.
[internationalizedtext.cpp:1785]: Empty key "string_DE_GetHouseOfWorship_Taoist_eineneine" found.
[internationalizedtext.cpp:1785]: Empty key "string_DE_FB_GetHouseOfWorshipeineneine" found.
[internationalizedtext.cpp:1785]: Empty key "string_DE_GetHouseOfWorship_Christian_einemeiner" found.
[internationalizedtext.cpp:1785]: Empty key "string_DE_GetHouseOfWorship_Muslim_einemeiner" found.
[internationalizedtext.cpp:1785]: Empty key "string_DE_GetHouseOfWorship_Pagan_einemeiner" found.
[internationalizedtext.cpp:1785]: Empty key "string_DE_GetHouseOfWorship_Zoroastrian_einemeiner" found.
[internationalizedtext.cpp:1785]: Empty key "string_DE_GetHouseOfWorship_Jewish_einemeiner" found.
[internationalizedtext.cpp:1785]: Empty key "string_DE_GetHouseOfWorship_Hindu_einemeiner" found.
[internationalizedtext.cpp:1785]: Empty key "string_DE_GetHouseOfWorship_Buddhist_einemeiner" found.
[internationalizedtext.cpp:1785]: Empty key "string_DE_GetHouseOfWorship_Jain_einemeiner" found.
[internationalizedtext.cpp:1785]: Empty key "string_DE_GetHouseOfWorship_Taoist_einemeiner" found.
[internationalizedtext.cpp:1785]: Empty key "string_DE_FB_GetHouseOfWorshipeinemeiner" found.
[internationalizedtext.cpp:1785]: Empty key "string_DE_GetHouseOfWorship_Christian_zumzur" found.
[internationalizedtext.cpp:1785]: Empty key "string_DE_GetHouseOfWorship_Muslim_zumzur" found.
[internationalizedtext.cpp:1785]: Empty key "string_DE_GetHouseOfWorship_Pagan_zumzur" found.
[internationalizedtext.cpp:1785]: Empty key "string_DE_GetHouseOfWorship_Zoroastrian_zumzur" found.
[internationalizedtext.cpp:1785]: Empty key "string_DE_GetHouseOfWorship_Jewish_zumzur" found.
[internationalizedtext.cpp:1785]: Empty key "string_DE_GetHouseOfWorship_Hindu_zumzur" found.
[internationalizedtext.cpp:1785]: Empty key "string_DE_GetHouseOfWorship_Buddhist_zumzur" found.
[internationalizedtext.cpp:1785]: Empty key "string_DE_GetHouseOfWorship_Jain_zumzur" found.
[internationalizedtext.cpp:1785]: Empty key "string_DE_GetHouseOfWorship_Taoist_zumzur" found.
[internationalizedtext.cpp:1785]: Empty key "string_DE_FB_GetHouseOfWorshipzumzur" found.
[internationalizedtext.cpp:1785]: Empty key "string_DE_GetHouseOfWorship_Christian_iminder" found.
[internationalizedtext.cpp:1785]: Empty key "string_DE_GetHouseOfWorship_Muslim_iminder" found.
[internationalizedtext.cpp:1785]: Empty key "string_DE_GetHouseOfWorship_Pagan_iminder" found.
[internationalizedtext.cpp:1785]: Empty key "string_DE_GetHouseOfWorship_Zoroastrian_iminder" found.
[internationalizedtext.cpp:1785]: Empty key "string_DE_GetHouseOfWorship_Jewish_iminder" found.
[internationalizedtext.cpp:1785]: Empty key "string_DE_GetHouseOfWorship_Hindu_iminder" found.
[internationalizedtext.cpp:1785]: Empty key "string_DE_GetHouseOfWorship_Buddhist_iminder" found.
[internationalizedtext.cpp:1785]: Empty key "string_DE_GetHouseOfWorship_Jain_iminder" found.
[internationalizedtext.cpp:1785]: Empty key "string_DE_GetHouseOfWorship_Taoist_iminder" found.
[internationalizedtext.cpp:1785]: Empty key "string_DE_FB_GetHouseOfWorshipiminder" found.
[internationalizedtext.cpp:1785]: Empty key "string_DE_GetHouseOfWorship_Christian_desder" found.
[internationalizedtext.cpp:1785]: Empty key "string_DE_GetHouseOfWorship_Muslim_desder" found.
[internationalizedtext.cpp:1785]: Empty key "string_DE_GetHouseOfWorship_Pagan_desder" found.
[internationalizedtext.cpp:1785]: Empty key "string_DE_GetHouseOfWorship_Zoroastrian_desder" found.
[internationalizedtext.cpp:1785]: Empty key "string_DE_GetHouseOfWorship_Jewish_desder" found.
[internationalizedtext.cpp:1785]: Empty key "string_DE_GetHouseOfWorship_Hindu_desder" found.
[internationalizedtext.cpp:1785]: Empty key "string_DE_GetHouseOfWorship_Buddhist_desder" found.
[internationalizedtext.cpp:1785]: Empty key "string_DE_GetHouseOfWorship_Jain_desder" found.
[internationalizedtext.cpp:1785]: Empty key "string_DE_GetHouseOfWorship_Taoist_desder" found.
[internationalizedtext.cpp:1785]: Empty key "string_DE_FB_GetHouseOfWorshipdesder" found.
[internationalizedtext.cpp:1785]: Empty key "string_DE_the_Rule_of_Saint_Benedict_demder" found.
[internationalizedtext.cpp:1785]: Empty key "string_DE_the_Rule_of_Saint_Augustine_demder" found.
[internationalizedtext.cpp:1785]: Empty key "string_DE_the_Rule_of_Saint_Basil_demder" found.
[internationalizedtext.cpp:1785]: Empty key "string_DE_the_Rule_of_Saint_Abraham_demder" found.
[internationalizedtext.cpp:1785]: Empty key "string_DE_the_Rule_of_Saint_Anthony_demder" found.
[internationalizedtext.cpp:1785]: Empty key "string_DE_the_Noble_Eightfold_Path_demder" found.
[internationalizedtext.cpp:1785]: Empty key "string_DE_the_four_Purusartha_demder" found.
[internationalizedtext.cpp:1785]: Empty key "string_DE_the_Anuvrata_demder" found.
[internationalizedtext.cpp:1785]: Empty key "string_DE_FB_GetMOCode_demder" found.
[internationalizedtext.cpp:1785]: Empty key "string_DE_the_Rule_of_Saint_Benedict_dieden" found.
[internationalizedtext.cpp:1785]: Empty key "string_DE_the_Rule_of_Saint_Augustine_dieden" found.
[internationalizedtext.cpp:1785]: Empty key "string_DE_the_Rule_of_Saint_Basil_dieden" found.
[internationalizedtext.cpp:1785]: Empty key "string_DE_the_Rule_of_Saint_Abraham_dieden" found.
[internationalizedtext.cpp:1785]: Empty key "string_DE_the_Rule_of_Saint_Anthony_dieden" found.
[internationalizedtext.cpp:1785]: Empty key "string_DE_the_Noble_Eightfold_Path_dieden" found.
[internationalizedtext.cpp:1785]: Empty key "string_DE_the_four_Purusartha_dieden" found.
[internationalizedtext.cpp:1785]: Empty key "string_DE_the_Anuvrata_dieden" found.
[internationalizedtext.cpp:1785]: Empty key "string_DE_FB_GetMOCode_dieden" found.
[internationalizedtext.cpp:1785]: Empty key "string_DE_GetHolding_Castle_1_diedasden" found.
[internationalizedtext.cpp:1785]: Empty key "string_DE_GetHolding_Castle_2_diedasden" found.
[internationalizedtext.cpp:1785]: Empty key "string_DE_GetHolding_Castle_3_diedasden" found.
[internationalizedtext.cpp:1785]: Empty key "string_DE_GetHolding_Temple_1_diedasden" found.
[internationalizedtext.cpp:1785]: Empty key "string_DE_GetHolding_Nomad_1_diedasden" found.
[internationalizedtext.cpp:1785]: Empty key "string_DE_GetHolding_Nomad_2_diedasden" found.
[internationalizedtext.cpp:1785]: Empty key "string_DE_GetHolding_Nomad_3_diedasden" found.
[internationalizedtext.cpp:1785]: Empty key "string_DE_GetHolding_Tribal_1_diedasden" found.
[internationalizedtext.cpp:1785]: Empty key "string_DE_GetHolding_Tribal_2_diedasden" found.
[internationalizedtext.cpp:1785]: Empty key "string_DE_GetHolding_Tribal_3_diedasden" found.
[internationalizedtext.cpp:1785]: Empty key "string_DE_GetHolding_City_1_diedasden" found.
[internationalizedtext.cpp:1785]: Empty key "string_DE_GetHolding_City_2_diedasden" found.
[internationalizedtext.cpp:1785]: Empty key "string_DE_GetHolding_City_3_diedasden" found.
[internationalizedtext.cpp:1785]: Empty key "string_DE_settlement_diedasden" found.
[internationalizedtext.cpp:1785]: Empty key "string_DE_FB_GetHolding_diedasden" found.
[internationalizedtext.cpp:1785]: Empty key "string_DE_GetHolding_Castle_1_dieserdieses" found.
[internationalizedtext.cpp:1785]: Empty key "string_DE_GetHolding_Castle_2_dieserdieses" found.
[internationalizedtext.cpp:1785]: Empty key "string_DE_GetHolding_Castle_3_dieserdieses" found.
[internationalizedtext.cpp:1785]: Empty key "string_DE_GetHolding_Temple_1_dieserdieses" found.
[internationalizedtext.cpp:1785]: Empty key "string_DE_GetHolding_Nomad_1_dieserdieses" found.
[internationalizedtext.cpp:1785]: Empty key "string_DE_GetHolding_Nomad_2_dieserdieses" found.
[internationalizedtext.cpp:1785]: Empty key "string_DE_GetHolding_Nomad_3_dieserdieses" found.
[internationalizedtext.cpp:1785]: Empty key "string_DE_GetHolding_Tribal_1_dieserdieses" found.
[internationalizedtext.cpp:1785]: Empty key "string_DE_GetHolding_Tribal_2_dieserdieses" found.
[internationalizedtext.cpp:1785]: Empty key "string_DE_GetHolding_Tribal_3_dieserdieses" found.
[internationalizedtext.cpp:1785]: Empty key "string_DE_GetHolding_City_1_dieserdieses" found.
[internationalizedtext.cpp:1785]: Empty key "string_DE_GetHolding_City_2_dieserdieses" found.
[internationalizedtext.cpp:1785]: Empty key "string_DE_GetHolding_City_3_dieserdieses" found.
[internationalizedtext.cpp:1785]: Empty key "string_DE_settlement_dieserdieses" found.
[internationalizedtext.cpp:1785]: Empty key "string_DE_FB_GetHolding_dieserdieses" found.
[internationalizedtext.cpp:1785]: Empty key "string_DE_town_diedas" found.
[internationalizedtext.cpp:1785]: Empty key "string_DE_camp_diedas" found.
[internationalizedtext.cpp:1785]: Empty key "string_DE_FB_DWSettlement_diedas" found.
[internationalizedtext.cpp:1785]: Empty key "string_DE_town_jedejedes" found.
[internationalizedtext.cpp:1785]: Empty key "string_DE_camp_jedejedes" found.
[internationalizedtext.cpp:1785]: Empty key "string_DE_FB_DWSettlement_jedejedes" found.
[internationalizedtext.cpp:1785]: Empty key "" found.
[internationalizedtext.cpp:1785]: Empty key "string_DE_der" found.
[internationalizedtext.cpp:1785]: Empty key "string_DE_Der" found.
[internationalizedtext.cpp:1785]: Empty key "string_DE_die" found.
[internationalizedtext.cpp:1785]: Empty key "string_DE_Die" found.
[internationalizedtext.cpp:1785]: Empty key "string_DE_den" found.
[internationalizedtext.cpp:1785]: Empty key "string_DE_Den" found.
[internationalizedtext.cpp:1785]: Empty key "string_DE_ein" found.
[internationalizedtext.cpp:1785]: Empty key "string_DE_Ein" found.
[internationalizedtext.cpp:1785]: Empty key "string_DE_eine" found.
[internationalizedtext.cpp:1785]: Empty key "string_DE_Eine" found.
[internationalizedtext.cpp:1785]: Empty key "string_DE_des" found.
[internationalizedtext.cpp:1785]: Empty key "string_DE_Des" found.
[internationalizedtext.cpp:1785]: Empty key "string_DE_derdie" found.
[internationalizedtext.cpp:1785]: Empty key "string_DE_DerDie" found.
[internationalizedtext.cpp:1785]: Empty key "string_DE_dendie" found.
[internationalizedtext.cpp:1785]: Empty key "string_DE_DenDie" found.
[internationalizedtext.cpp:1785]: Empty key "string_DE_eineine" found.
[internationalizedtext.cpp:1785]: Empty key "string_DE_EinEine" found.
[internationalizedtext.cpp:1785]: Empty key "string_DE_DesDer" found.
[internationalizedtext.cpp:1785]: Empty key "string_DE_desder" found.
[internationalizedtext.cpp:1785]: Empty key "string_DE_unseres" found.
[internationalizedtext.cpp:1785]: Empty key "string_DE_Unseres" found.
[internationalizedtext.cpp:1785]: Empty key "string_DE_unserer" found.
[internationalizedtext.cpp:1785]: Empty key "string_DE_Unserer" found.
[internationalizedtext.cpp:1785]: Empty key "string_DE_unser" found.
[internationalizedtext.cpp:1785]: Empty key "string_DE_Unser" found.
[internationalizedtext.cpp:1785]: Empty key "string_DE_unsere" found.
[internationalizedtext.cpp:1785]: Empty key "string_DE_Unsere" found.
[internationalizedtext.cpp:1785]: Empty key "string_DE_unserem" found.
[internationalizedtext.cpp:1785]: Empty key "string_DE_Unserem" found.
[internationalizedtext.cpp:1785]: Empty key "string_DE_eines" found.
[internationalizedtext.cpp:1785]: Empty key "string_DE_Eines" found.
[internationalizedtext.cpp:1785]: Empty key "string_DE_einer" found.
[internationalizedtext.cpp:1785]: Empty key "string_DE_Einer" found.
[internationalizedtext.cpp:1785]: Empty key "string_DE_einem" found.
[internationalizedtext.cpp:1785]: Empty key "string_DE_Einem" found.
[internationalizedtext.cpp:1785]: Empty key "string_DE_einen" found.
[internationalizedtext.cpp:1785]: Empty key "string_DE_Einen" found.
[internationalizedtext.cpp:1785]: Empty key "string_DE_eineneine" found.
[internationalizedtext.cpp:1785]: Empty key "string_DE_EinenEinen" found.
[internationalizedtext.cpp:1785]: Empty key "string_DE_unseresunserer" found.
[internationalizedtext.cpp:1785]: Empty key "string_DE_UnseresUnserer" found.
[internationalizedtext.cpp:1785]: Empty key "string_DE_unserunsere" found.
[internationalizedtext.cpp:1785]: Empty key "string_DE_UnserUnsere" found.
[internationalizedtext.cpp:1785]: Empty key "string_DE_unseremunserer" found.
[internationalizedtext.cpp:1785]: Empty key "string_DE_UnseremUnserer" found.
[internationalizedtext.cpp:1785]: Empty key "string_DE_eineseiner" found.
[internationalizedtext.cpp:1785]: Empty key "string_DE_EinesEiner" found.
[internationalizedtext.cpp:1785]: Empty key "string_DE_einemeiner" found.
[internationalizedtext.cpp:1785]: Empty key "string_DE_Einemeiner" found.
[internationalizedtext.cpp:1785]: Empty key "string_DE_kein" found.
[internationalizedtext.cpp:1785]: Empty key "string_DE_Kein" found.
[internationalizedtext.cpp:1785]: Empty key "string_DE_keine" found.
[internationalizedtext.cpp:1785]: Empty key "string_DE_Keine" found.
[internationalizedtext.cpp:1785]: Empty key "string_DE_irgendein" found.
[internationalizedtext.cpp:1785]: Empty key "string_DE_Irgendein" found.
[internationalizedtext.cpp:1785]: Empty key "string_DE_irgendeine" found.
[internationalizedtext.cpp:1785]: Empty key "string_DE_Irgendeine" found.
[internationalizedtext.cpp:1785]: Empty key "string_DE_keinem" found.
[internationalizedtext.cpp:1785]: Empty key "string_DE_Keinem" found.
[internationalizedtext.cpp:1785]: Empty key "string_DE_keiner" found.
[internationalizedtext.cpp:1785]: Empty key "string_DE_Keiner" found.
[internationalizedtext.cpp:1785]: Empty key "string_DE_keinkeine" found.
[internationalizedtext.cpp:1785]: Empty key "string_DE_KeinKeine" found.
[internationalizedtext.cpp:1785]: Empty key "string_DE_irgendeinirgendeine" found.
[internationalizedtext.cpp:1785]: Empty key "string_DE_IrgendeinIrgendeine" found.
[internationalizedtext.cpp:1785]: Empty key "string_DE_keinemkeiner" found.
[internationalizedtext.cpp:1785]: Empty key "string_DE_KeinemKeiner" found.
[internationalizedtext.cpp:1785]: Empty key "string_DE_dieser" found.
[internationalizedtext.cpp:1785]: Empty key "string_DE_Dieser" found.
[internationalizedtext.cpp:1785]: Empty key "string_DE_diese" found.
[internationalizedtext.cpp:1785]: Empty key "string_DE_Diese" found.
[internationalizedtext.cpp:1785]: Empty key "string_DE_dieses" found.
[internationalizedtext.cpp:1785]: Empty key "string_DE_Dieses" found.
[internationalizedtext.cpp:1785]: Empty key "string_DE_diesem" found.
[internationalizedtext.cpp:1785]: Empty key "string_DE_Diesem" found.
[internationalizedtext.cpp:1785]: Empty key "string_DE_dieserdiese" found.
[internationalizedtext.cpp:1785]: Empty key "string_DE_DieserDiese" found.
[internationalizedtext.cpp:1785]: Empty key "string_DE_diesesdieser" found.
[internationalizedtext.cpp:1785]: Empty key "string_DE_DiesesDieser" found.
[internationalizedtext.cpp:1785]: Empty key "string_DE_diesemdieser" found.
[internationalizedtext.cpp:1785]: Empty key "string_DE_DiesemDieser" found.
[internationalizedtext.cpp:1785]: Empty key "string_DE_ihm" found.
[internationalizedtext.cpp:1785]: Empty key "string_DE_Ihm" found.
[internationalizedtext.cpp:1785]: Empty key "string_DE_ihr" found.
[internationalizedtext.cpp:1785]: Empty key "string_DE_Ihr" found.
[internationalizedtext.cpp:1785]: Empty key "string_DE_ihmihr" found.
[internationalizedtext.cpp:1785]: Empty key "string_DE_IhmIhr" found.
[internationalizedtext.cpp:1785]: Empty key "string_DE_dem" found.
[internationalizedtext.cpp:1785]: Empty key "string_DE_Dem" found.
[internationalizedtext.cpp:1785]: Empty key "string_DE_demder" found.
[internationalizedtext.cpp:1785]: Empty key "string_DE_DemDer" found.
[internationalizedtext.cpp:1785]: Empty key "string_DE_meinem" found.
[internationalizedtext.cpp:1785]: Empty key "string_DE_Meinem" found.
[internationalizedtext.cpp:1785]: Empty key "string_DE_meiner" found.
[internationalizedtext.cpp:1785]: Empty key "string_DE_Meiner" found.
[internationalizedtext.cpp:1785]: Empty key "string_DE_meinemmeiner" found.
[internationalizedtext.cpp:1785]: Empty key "string_DE_MeinemMeiner" found.
[internationalizedtext.cpp:1785]: Empty key "string_DE_euer" found.
[internationalizedtext.cpp:1785]: Empty key "string_DE_Euer" found.
[internationalizedtext.cpp:1785]: Empty key "string_DE_eure" found.
[internationalizedtext.cpp:1785]: Empty key "string_DE_Eure" found.
[internationalizedtext.cpp:1785]: Empty key "string_DE_euereure" found.
[internationalizedtext.cpp:1785]: Empty key "string_DE_EuerEure" found.
[internationalizedtext.cpp:1785]: Empty key "string_DE_eurem" found.
[internationalizedtext.cpp:1785]: Empty key "string_DE_Eurem" found.
[internationalizedtext.cpp:1785]: Empty key "string_DE_eurer" found.
[internationalizedtext.cpp:1785]: Empty key "string_DE_Eurer" found.
[internationalizedtext.cpp:1785]: Empty key "string_DE_euremeurer" found.
[internationalizedtext.cpp:1785]: Empty key "string_DE_EuremEurer" found.
[internationalizedtext.cpp:1785]: Empty key "string_DE_ihn" found.
[internationalizedtext.cpp:1785]: Empty key "string_DE_Ihn" found.
[internationalizedtext.cpp:1785]: Empty key "string_DE_sie" found.
[internationalizedtext.cpp:1785]: Empty key "string_DE_Sie" found.
[internationalizedtext.cpp:1785]: Empty key "string_DE_ihnsie" found.
[internationalizedtext.cpp:1785]: Empty key "string_DE_IhnSie" found.
[internationalizedtext.cpp:1785]: Empty key "string_DE_euren" found.
[internationalizedtext.cpp:1785]: Empty key "string_DE_Euren" found.
[internationalizedtext.cpp:1785]: Empty key "string_DE_eureneure" found.
[internationalizedtext.cpp:1785]: Empty key "string_DE_EurenEure" found.
[internationalizedtext.cpp:1785]: Empty key "string_DE_endingS" found.
[internationalizedtext.cpp:1785]: Empty key "string_DE_FB_endingS" found.
[internationalizedtext.cpp:1785]: Empty key "string_DE_endingE" found.
[internationalizedtext.cpp:1785]: Empty key "string_DE_FB_endingE" found.
[internationalizedtext.cpp:1785]: Empty key "string_DE_endingN" found.
[internationalizedtext.cpp:1785]: Empty key "string_DE_FB_endingN" found.
[internationalizedtext.cpp:1785]: Empty key "string_DE_endingR" found.
[internationalizedtext.cpp:1785]: Empty key "string_DE_FB_endingR" found.
[internationalizedtext.cpp:1785]: Empty key "string_DE_endingIN" found.
[internationalizedtext.cpp:1785]: Empty key "string_DE_FB_endingIN" found.
[internationalizedtext.cpp:1785]: Empty key "string_DE_endingEM" found.
[internationalizedtext.cpp:1785]: Empty key "string_DE_FB_endingEM" found.
[internationalizedtext.cpp:1785]: Empty key "string_DE_endingER" found.
[internationalizedtext.cpp:1785]: Empty key "string_DE_FB_endingER" found.
[internationalizedtext.cpp:1785]: Empty key "string_DE_endinga" found.
[internationalizedtext.cpp:1785]: Empty key "string_DE_FB_endinga" found.
[internationalizedtext.cpp:1785]: Empty key "string_DE_Arzt" found.
[internationalizedtext.cpp:1785]: Empty key "string_DE_Ärztin" found.
[internationalizedtext.cpp:1785]: Empty key "string_DE_Kannibale" found.
[internationalizedtext.cpp:1785]: Empty key "string_DE_Kannibalin" found.
[internationalizedtext.cpp:1785]: Empty key "string_DE_Propheten" found.
[internationalizedtext.cpp:1785]: Empty key "string_DE_Prophetin" found.
[internationalizedtext.cpp:1785]: Empty key "string_DE_Missgestalteter" found.
[internationalizedtext.cpp:1785]: Empty key "string_DE_Missgestalt" found.
[internationalizedtext.cpp:1785]: Empty key "string_DE_Folterer" found.
[internationalizedtext.cpp:1785]: Empty key "string_DE_Folterin" found.
[internationalizedtext.cpp:1785]: Empty key "string_DE_Feigling" found.
[internationalizedtext.cpp:1785]: Empty key "string_DE_Memme" found.
[internationalizedtext.cpp:1785]: Empty key "string_DE_Narr" found.
[internationalizedtext.cpp:1785]: Empty key "string_DE_Närrin" found.
[internationalizedtext.cpp:1785]: Empty key "string_DE_Krüppel" found.
[internationalizedtext.cpp:1785]: Empty key "string_DE_Behinderte" found.
[internationalizedtext.cpp:1785]: Empty key "string_DE_Esel" found.
[internationalizedtext.cpp:1785]: Empty key "string_DE_Ziege" found.
[internationalizedtext.cpp:1785]: Empty key "string_DE_Strohmann" found.
[internationalizedtext.cpp:1785]: Empty key "string_DE_Vogelscheuche" found.
[internationalizedtext.cpp:1785]: Empty key "string_DE_Dschungelbewohner" found.
[internationalizedtext.cpp:1785]: Empty key "string_DE_Dschungelnatter" found.
[internationalizedtext.cpp:1785]: Empty key "string_DE_Bücherwurm" found.
[internationalizedtext.cpp:1785]: Empty key "string_DE_Leseratte" found.
[internationalizedtext.cpp:1785]: Empty key "string_DE_Bengel" found.
[internationalizedtext.cpp:1785]: Empty key "string_DE_Göre" found.
[internationalizedtext.cpp:1785]: Empty key "string_DE_Blutsauger" found.
[internationalizedtext.cpp:1785]: Empty key "string_DE_Zecke" found.
[internationalizedtext.cpp:1785]: Empty key "string_DE_Wurm" found.
[internationalizedtext.cpp:1785]: Empty key "string_DE_Made" found.
[internationalizedtext.cpp:1785]: Empty key "string_DE_Wüstenkäfer" found.
[internationalizedtext.cpp:1785]: Empty key "string_DE_Wüstenratte" found.
[internationalizedtext.cpp:1785]: Empty key "string_DE_Fiesling" found.
[internationalizedtext.cpp:1785]: Empty key "string_DE_Vettel" found.
[internationalizedtext.cpp:1761]: Duplicate text-key "string_DE_Esel".
[internationalizedtext.cpp:1785]: Empty key "string_DE_Zuchtstute" found.
[internationalizedtext.cpp:1785]: Empty key "string_DE_Stohkopf" found.
[internationalizedtext.cpp:1785]: Empty key "string_DE_Hohlbirne" found.
[internationalizedtext.cpp:1785]: Empty key "string_DE_Gesichtskrapfen" found.
[internationalizedtext.cpp:1785]: Empty key "string_DE_Hackfresse" found.
[internationalizedtext.cpp:1785]: Empty key "string_DE_Überflieger" found.
[internationalizedtext.cpp:1785]: Empty key "string_DE_Koriphäe" found.
[internationalizedtext.cpp:1785]: Empty key "string_DE_GetHouseOfWorship_Christian_eineine" found.
[internationalizedtext.cpp:1785]: Empty key "string_DE_GetHouseOfWorship_Muslim_eineine" found.
[internationalizedtext.cpp:1785]: Empty key "string_DE_GetHouseOfWorship_Pagan_eineine" found.
[internationalizedtext.cpp:1785]: Empty key "string_DE_GetHouseOfWorship_Zoroastrian_eineine" found.
[internationalizedtext.cpp:1785]: Empty key "string_DE_GetHouseOfWorship_Jewish_eineine" found.
[internationalizedtext.cpp:1785]: Empty key "string_DE_GetHouseOfWorship_Hindu_eineine" found.
[internationalizedtext.cpp:1785]: Empty key "string_DE_GetHouseOfWorship_Buddhist_eineine" found.
[internationalizedtext.cpp:1785]: Empty key "string_DE_GetHouseOfWorship_Jain_eineine" found.
[internationalizedtext.cpp:1785]: Empty key "string_DE_GetHouseOfWorship_Taoist_eineine" found.
[internationalizedtext.cpp:1785]: Empty key "string_DE_FB_GetHouseOfWorshipeineine" found.
[internationalizedtext.cpp:1785]: Empty key "string_DE_GetHouseOfWorship_Christian__EinEine" found.
[internationalizedtext.cpp:1785]: Empty key "string_DE_GetHouseOfWorship_Muslim_EinEine" found.
[internationalizedtext.cpp:1785]: Empty key "string_DE_GetHouseOfWorship_Pagan_EinEine" found.
[internationalizedtext.cpp:1785]: Empty key "string_DE_GetHouseOfWorship_Zoroastrian_EinEine" found.
[internationalizedtext.cpp:1785]: Empty key "string_DE_GetHouseOfWorship_Jewish_EinEine" found.
[internationalizedtext.cpp:1785]: Empty key "string_DE_GetHouseOfWorship_Hindu_EinEine" found.
[internationalizedtext.cpp:1785]: Empty key "string_DE_GetHouseOfWorship_Buddhist_EinEine" found.
[internationalizedtext.cpp:1785]: Empty key "string_DE_GetHouseOfWorship_Jain_EinEine" found.
[internationalizedtext.cpp:1785]: Empty key "string_DE_GetHouseOfWorship_Taoist_EinEine" found.
[internationalizedtext.cpp:1785]: Empty key "string_DE_FB_GetHouseOfWorshipEinEine" found.
[internationalizedtext.cpp:1785]: Empty key "string_DE_GetHouseOfWorship_Christian_eineneine" found.
[internationalizedtext.cpp:1785]: Empty key "string_DE_GetHouseOfWorship_Muslim_eineneine" found.
[internationalizedtext.cpp:1785]: Empty key "string_DE_GetHouseOfWorship_Pagan_eineneine" found.
[internationalizedtext.cpp:1785]: Empty key "string_DE_GetHouseOfWorship_Zoroastrian_eineneine" found.
[internationalizedtext.cpp:1785]: Empty key "string_DE_GetHouseOfWorship_Jewish_eineneine" found.
[internationalizedtext.cpp:1785]: Empty key "string_DE_GetHouseOfWorship_Hindu_eineneine" found.
[internationalizedtext.cpp:1785]: Empty key "string_DE_GetHouseOfWorship_Buddhist_eineneine" found.
[internationalizedtext.cpp:1785]: Empty key "string_DE_GetHouseOfWorship_Jain_eineneine" found.
[internationalizedtext.cpp:1785]: Empty key "string_DE_GetHouseOfWorship_Taoist_eineneine" found.
[internationalizedtext.cpp:1785]: Empty key "string_DE_FB_GetHouseOfWorshipeineneine" found.
[internationalizedtext.cpp:1785]: Empty key "string_DE_GetHouseOfWorship_Christian_einemeiner" found.
[internationalizedtext.cpp:1785]: Empty key "string_DE_GetHouseOfWorship_Muslim_einemeiner" found.
[internationalizedtext.cpp:1785]: Empty key "string_DE_GetHouseOfWorship_Pagan_einemeiner" found.
[internationalizedtext.cpp:1785]: Empty key "string_DE_GetHouseOfWorship_Zoroastrian_einemeiner" found.
[internationalizedtext.cpp:1785]: Empty key "string_DE_GetHouseOfWorship_Jewish_einemeiner" found.
[internationalizedtext.cpp:1785]: Empty key "string_DE_GetHouseOfWorship_Hindu_einemeiner" found.
[internationalizedtext.cpp:1785]: Empty key "string_DE_GetHouseOfWorship_Buddhist_einemeiner" found.
[internationalizedtext.cpp:1785]: Empty key "string_DE_GetHouseOfWorship_Jain_einemeiner" found.
[internationalizedtext.cpp:1785]: Empty key "string_DE_GetHouseOfWorship_Taoist_einemeiner" found.
[internationalizedtext.cpp:1785]: Empty key "string_DE_FB_GetHouseOfWorshipeinemeiner" found.
[internationalizedtext.cpp:1785]: Empty key "string_DE_GetHouseOfWorship_Christian_zumzur" found.
[internationalizedtext.cpp:1785]: Empty key "string_DE_GetHouseOfWorship_Muslim_zumzur" found.
[internationalizedtext.cpp:1785]: Empty key "string_DE_GetHouseOfWorship_Pagan_zumzur" found.
[internationalizedtext.cpp:1785]: Empty key "string_DE_GetHouseOfWorship_Zoroastrian_zumzur" found.
[internationalizedtext.cpp:1785]: Empty key "string_DE_GetHouseOfWorship_Jewish_zumzur" found.
[internationalizedtext.cpp:1785]: Empty key "string_DE_GetHouseOfWorship_Hindu_zumzur" found.
[internationalizedtext.cpp:1785]: Empty key "string_DE_GetHouseOfWorship_Buddhist_zumzur" found.
[internationalizedtext.cpp:1785]: Empty key "string_DE_GetHouseOfWorship_Jain_zumzur" found.
[internationalizedtext.cpp:1785]: Empty key "string_DE_GetHouseOfWorship_Taoist_zumzur" found.
[internationalizedtext.cpp:1785]: Empty key "string_DE_FB_GetHouseOfWorshipzumzur" found.
[internationalizedtext.cpp:1785]: Empty key "string_DE_GetHouseOfWorship_Christian_iminder" found.
[internationalizedtext.cpp:1785]: Empty key "string_DE_GetHouseOfWorship_Muslim_iminder" found.
[internationalizedtext.cpp:1785]: Empty key "string_DE_GetHouseOfWorship_Pagan_iminder" found.
[internationalizedtext.cpp:1785]: Empty key "string_DE_GetHouseOfWorship_Zoroastrian_iminder" found.
[internationalizedtext.cpp:1785]: Empty key "string_DE_GetHouseOfWorship_Jewish_iminder" found.
[internationalizedtext.cpp:1785]: Empty key "string_DE_GetHouseOfWorship_Hindu_iminder" found.
[internationalizedtext.cpp:1785]: Empty key "string_DE_GetHouseOfWorship_Buddhist_iminder" found.
[internationalizedtext.cpp:1785]: Empty key "string_DE_GetHouseOfWorship_Jain_iminder" found.
[internationalizedtext.cpp:1785]: Empty key "string_DE_GetHouseOfWorship_Taoist_iminder" found.
[internationalizedtext.cpp:1785]: Empty key "string_DE_FB_GetHouseOfWorshipiminder" found.
[internationalizedtext.cpp:1785]: Empty key "string_DE_GetHouseOfWorship_Christian_desder" found.
[internationalizedtext.cpp:1785]: Empty key "string_DE_GetHouseOfWorship_Muslim_desder" found.
[internationalizedtext.cpp:1785]: Empty key "string_DE_GetHouseOfWorship_Pagan_desder" found.
[internationalizedtext.cpp:1785]: Empty key "string_DE_GetHouseOfWorship_Zoroastrian_desder" found.
[internationalizedtext.cpp:1785]: Empty key "string_DE_GetHouseOfWorship_Jewish_desder" found.
[internationalizedtext.cpp:1785]: Empty key "string_DE_GetHouseOfWorship_Hindu_desder" found.
[internationalizedtext.cpp:1785]: Empty key "string_DE_GetHouseOfWorship_Buddhist_desder" found.
[internationalizedtext.cpp:1785]: Empty key "string_DE_GetHouseOfWorship_Jain_desder" found.
[internationalizedtext.cpp:1785]: Empty key "string_DE_GetHouseOfWorship_Taoist_desder" found.
[internationalizedtext.cpp:1785]: Empty key "string_DE_FB_GetHouseOfWorshipdesder" found.
[internationalizedtext.cpp:1785]: Empty key "string_DE_the_Rule_of_Saint_Benedict_demder" found.
[internationalizedtext.cpp:1785]: Empty key "string_DE_the_Rule_of_Saint_Augustine_demder" found.
[internationalizedtext.cpp:1785]: Empty key "string_DE_the_Rule_of_Saint_Basil_demder" found.
[internationalizedtext.cpp:1785]: Empty key "string_DE_the_Rule_of_Saint_Abraham_demder" found.
[internationalizedtext.cpp:1785]: Empty key "string_DE_the_Rule_of_Saint_Anthony_demder" found.
[internationalizedtext.cpp:1785]: Empty key "string_DE_the_Noble_Eightfold_Path_demder" found.
[internationalizedtext.cpp:1785]: Empty key "string_DE_the_four_Purusartha_demder" found.
[internationalizedtext.cpp:1785]: Empty key "string_DE_the_Anuvrata_demder" found.
[internationalizedtext.cpp:1785]: Empty key "string_DE_FB_GetMOCode_demder" found.
[internationalizedtext.cpp:1785]: Empty key "string_DE_the_Rule_of_Saint_Benedict_dieden" found.
[internationalizedtext.cpp:1785]: Empty key "string_DE_the_Rule_of_Saint_Augustine_dieden" found.
[internationalizedtext.cpp:1785]: Empty key "string_DE_the_Rule_of_Saint_Basil_dieden" found.
[internationalizedtext.cpp:1785]: Empty key "string_DE_the_Rule_of_Saint_Abraham_dieden" found.
[internationalizedtext.cpp:1785]: Empty key "string_DE_the_Rule_of_Saint_Anthony_dieden" found.
[internationalizedtext.cpp:1785]: Empty key "string_DE_the_Noble_Eightfold_Path_dieden" found.
[internationalizedtext.cpp:1785]: Empty key "string_DE_the_four_Purusartha_dieden" found.
[internationalizedtext.cpp:1785]: Empty key "string_DE_the_Anuvrata_dieden" found.
[internationalizedtext.cpp:1785]: Empty key "string_DE_FB_GetMOCode_dieden" found.
[internationalizedtext.cpp:1785]: Empty key "string_DE_GetHolding_Castle_1_diedasden" found.
[internationalizedtext.cpp:1785]: Empty key "string_DE_GetHolding_Castle_2_diedasden" found.
[internationalizedtext.cpp:1785]: Empty key "string_DE_GetHolding_Castle_3_diedasden" found.
[internationalizedtext.cpp:1785]: Empty key "string_DE_GetHolding_Temple_1_diedasden" found.
[internationalizedtext.cpp:1785]: Empty key "string_DE_GetHolding_Nomad_1_diedasden" found.
[internationalizedtext.cpp:1785]: Empty key "string_DE_GetHolding_Nomad_2_diedasden" found.
[internationalizedtext.cpp:1785]: Empty key "string_DE_GetHolding_Nomad_3_diedasden" found.
[internationalizedtext.cpp:1785]: Empty key "string_DE_GetHolding_Tribal_1_diedasden" found.
[internationalizedtext.cpp:1785]: Empty key "string_DE_GetHolding_Tribal_2_diedasden" found.
[internationalizedtext.cpp:1785]: Empty key "string_DE_GetHolding_Tribal_3_diedasden" found.
[internationalizedtext.cpp:1785]: Empty key "string_DE_GetHolding_City_1_diedasden" found.
[internationalizedtext.cpp:1785]: Empty key "string_DE_GetHolding_City_2_diedasden" found.
[internationalizedtext.cpp:1785]: Empty key "string_DE_GetHolding_City_3_diedasden" found.
[internationalizedtext.cpp:1785]: Empty key "string_DE_settlement_diedasden" found.
[internationalizedtext.cpp:1785]: Empty key "string_DE_FB_GetHolding_diedasden" found.
[internationalizedtext.cpp:1785]: Empty key "string_DE_GetHolding_Castle_1_dieserdieses" found.
[internationalizedtext.cpp:1785]: Empty key "string_DE_GetHolding_Castle_2_dieserdieses" found.
[internationalizedtext.cpp:1785]: Empty key "string_DE_GetHolding_Castle_3_dieserdieses" found.
[internationalizedtext.cpp:1785]: Empty key "string_DE_GetHolding_Temple_1_dieserdieses" found.
[internationalizedtext.cpp:1785]: Empty key "string_DE_GetHolding_Nomad_1_dieserdieses" found.
[internationalizedtext.cpp:1785]: Empty key "string_DE_GetHolding_Nomad_2_dieserdieses" found.
[internationalizedtext.cpp:1785]: Empty key "string_DE_GetHolding_Nomad_3_dieserdieses" found.
[internationalizedtext.cpp:1785]: Empty key "string_DE_GetHolding_Tribal_1_dieserdieses" found.
[internationalizedtext.cpp:1785]: Empty key "string_DE_GetHolding_Tribal_2_dieserdieses" found.
[internationalizedtext.cpp:1785]: Empty key "string_DE_GetHolding_Tribal_3_dieserdieses" found.
[internationalizedtext.cpp:1785]: Empty key "string_DE_GetHolding_City_1_dieserdieses" found.
[internationalizedtext.cpp:1785]: Empty key "string_DE_GetHolding_City_2_dieserdieses" found.
[internationalizedtext.cpp:1785]: Empty key "string_DE_GetHolding_City_3_dieserdieses" found.
[internationalizedtext.cpp:1785]: Empty key "string_DE_settlement_dieserdieses" found.
[internationalizedtext.cpp:1785]: Empty key "string_DE_FB_GetHolding_dieserdieses" found.
[internationalizedtext.cpp:1785]: Empty key "string_DE_town_diedas" found.
[internationalizedtext.cpp:1785]: Empty key "string_DE_camp_diedas" found.
[internationalizedtext.cpp:1785]: Empty key "string_DE_FB_DWSettlement_diedas" found.
[internationalizedtext.cpp:1785]: Empty key "string_DE_town_jedejedes" found.
[internationalizedtext.cpp:1785]: Empty key "string_DE_camp_jedejedes" found.
[internationalizedtext.cpp:1785]: Empty key "string_DE_FB_DWSettlement_jedejedes" found.
[internationalizedtext.cpp:1785]: Empty key "" found.
[internationalizedtext.cpp:1875]: 'OFFMAP_RULER_NAME' not defined!
[internationalizedtext.cpp:1875]: 'monastic_order_benedictine_currency' not defined!
[internationalizedtext.cpp:1875]: 'monastic_order_dominican_currency' not defined!
[internationalizedtext.cpp:1875]: 'monastic_order_orthodox_currency' not defined!
[internationalizedtext.cpp:1875]: 'monastic_order_nestorian_currency' not defined!
[internationalizedtext.cpp:1875]: 'monastic_order_monophysite_currency' not defined!
[internationalizedtext.cpp:1875]: 'monastic_order_hindu_currency' not defined!
[internationalizedtext.cpp:1875]: 'monastic_order_buddhist_currency' not defined!
[internationalizedtext.cpp:1875]: 'monastic_order_jain_currency' not defined!
[internationalizedtext.cpp:1875]: 'hermetics_currency' not defined!
[internationalizedtext.cpp:1875]: 'the_assassins_currency' not defined!
[internationalizedtext.cpp:1875]: 'the_satanists_currency' not defined!
[internationalizedtext.cpp:1875]: 'the_trollcrafters_currency' not defined!
[internationalizedtext.cpp:1875]: 'the_cult_of_kali_currency' not defined!
[internationalizedtext.cpp:1875]: 'the_cold_ones_currency' not defined!
[internationalizedtext.cpp:1875]: 'the_plaguebringers_currency' not defined!
[internationalizedtext.cpp:1875]: 'secret_religious_society_template' not defined!
[internationalizedtext.cpp:1875]: 'secret_religious_society_template_currency' not defined!
[internationalizedtext.cpp:1875]: 'secret_religious_society_template_rank_1_male' not defined!
[internationalizedtext.cpp:1875]: 'secret_religious_society_template_rank_2_male' not defined!
[internationalizedtext.cpp:1875]: 'secret_religious_society_template_rank_3_male' not defined!
[internationalizedtext.cpp:1875]: 'secret_religious_society_template_rank_4_male' not defined!
[internationalizedtext.cpp:1875]: 'secret_religion_currency' not defined!
[internationalizedtext.cpp:1875]: 'catholic_succ_desc_8' not defined!
[internationalizedtext.cpp:1875]: 'catholic_heir_flavor_desc_8' not defined!
[internationalizedtext.cpp:1875]: 'christian_heir_flavor_desc_8' not defined!
[internationalizedtext.cpp:1875]: 'heir_flavor_desc_8' not defined!
[internationalizedtext.cpp:1875]: 'catholic_heir_flavor_desc_5' not defined!
[internationalizedtext.cpp:1875]: 'christian_heir_flavor_desc_5' not defined!
[internationalizedtext.cpp:1875]: 'heir_flavor_desc_5' not defined!
[internationalizedtext.cpp:1875]: 'catholic_heir_flavor_desc_2' not defined!
[internationalizedtext.cpp:1875]: 'christian_heir_flavor_desc_2' not defined!
[internationalizedtext.cpp:1875]: 'heir_flavor_desc_2' not defined!
[internationalizedtext.cpp:1875]: 'catholic_heir_flavor_desc_3' not defined!
[internationalizedtext.cpp:1875]: 'christian_heir_flavor_desc_3' not defined!
[internationalizedtext.cpp:1875]: 'heir_flavor_desc_3' not defined!
[internationalizedtext.cpp:1875]: 'County' not defined!
[internationalizedtext.cpp:1875]: '343.75' not defined!
[internationalizedtext.cpp:1875]: '315' not defined!
[internationalizedtext.cpp:1875]: '275.00' not defined!
[internationalizedtext.cpp:1875]: '638' not defined!
[internationalizedtext.cpp:1875]: 'BUY_FAVOR_INTERACTION_0' not defined!
[internationalizedtext.cpp:1875]: '687.50' not defined!
[internationalizedtext.cpp:1875]: '319' not defined!
[internationalizedtext.cpp:1875]: '1375.00' not defined!
[internationalizedtext.cpp:1875]: '618.75' not defined!
[internationalizedtext.cpp:1875]: 'Owner' not defined!
[internationalizedtext.cpp:1875]: '412.50' not defined!
